#i --> Info: Welcome to this project. Feel free to expirment. 
dicmdguiClickButton -object mw/65/70/Home/qt_tabwidget_tabbar 
dicmdguiClickButton -object 0x104:Rectangle 
incmdCreateObjRectangle
dicmdCanvasMouseClick -point (196,96) 
dicmdCanvasMouseClick -point (342,218) 
#o --> Out: dicmdCreateObjRectangle -brush 1 -color #000000 -fill 9 -points {(196,96);(342,218)} 
dicmdCanvasMouseClick -point (218,39) 
dicmdCanvasMouseClick -point (436,164) 
#o --> Out: dicmdCreateObjRectangle -brush 1 -color #000000 -fill 9 -points {(218,39);(436,164)} 
dicmdguiClickButton -object 0x105:Copy 
dicmdAbortActiveCommand 
incmdObjRelocateByCopy
incmdSelectShapesByRegion
dicmdCanvasMouseClick -point (150,6) 
dicmdCanvasMouseClick -point (456,247) 
#o --> Out: dicmdSelectShapesByRegion -end (456,247) -start (150,6) 
dicmdCanvasMouseClick -point (324,150) 
dicmdCanvasMouseClick -point (485,245) 
#o --> Out: dicmdSelectShapesByRegion -end (485,245) -start (324,150) 
dicmdCanvasMouseClick -point (204,59) 
dicmdCanvasMouseClick -point (501,235) 
#o --> Out: dicmdSelectShapesByRegion -end (501,235) -start (204,59) 
dicmdCanvasMouseClick -point (156,23) 
dicmdCanvasMouseClick -point (451,134) 
#o --> Out: dicmdSelectShapesByRegion -end (451,134) -start (156,23) 
dicmdguiClickButton -object 0x105:Move 
dicmdAbortActiveCommand 
incmdObjRelocateByMove
dicmdAbortActiveCommand 
dicmdAbortActiveCommand 
dicmdCanvasMouseDblClick -point (537,90) 
dicmdCanvasMouseDblClick -point (520,181) 
dicmdguiClickButton -object 0x105:Copy 
incmdObjRelocateByCopy
dicmdCanvasMouseClick -point (117,23) 
dicmdAbortActiveCommand 
dicmdAbortActiveCommand 
dicmdguiClickButton -object 0x105:Move 
incmdObjRelocateByMove
dicmdCanvasMouseClick -point (151,24) 
dicmdCanvasMouseClick -point (298,80) 
dicmdCanvasMouseClick -point (159,23) 
dicmdCanvasMouseClick -point (475,214) 
dicmdguiClickButton -object 0x105:Copy 
incmdObjRelocateByCopy
incmdSelectShapesByRegion
dicmdCanvasMouseClick -point (165,22) 
dicmdCanvasMouseClick -point (481,223) 
#e --> Error: 1     0x4a4f66 ./bin/linux/painter(+0x92f66) [0x4a4f66]
#e --> Error: 2   0xb7ee9d14 __kernel_sigreturn + 0
#e --> Error: 3   0xb6fe35e0 QHashData::shared_null + 0
#e --> Error: 4     0x500a72 LeCallback::LeCallback(LeCallback const&) + 38
#e --> Error: 5     0x500956 LePostman::notify(std::__cxx11::basic_string<char, std::char_traits<char>, std::allocator<char> > const&, LeCallbackType const&, LeCallbackData&) + 184
#e --> Error: 6     0x4adfce dicmdSelectShapesByRegion::execute() + 688
#e --> Error: 7     0x4ab8cf DirectCommandBase::silent_execute() + 57
#e --> Error: 8     0x4ae656 incmdSelectShapesByRegion::on_commit_internal() + 86
#e --> Error: 9     0x4bc9f7 incmdCreateObj<(ObjectType)1>::on_commit(EvType const&) + 53
#e --> Error: 10    0x4b9a79 incmdCreateObj<(ObjectType)1>::on_first_click(EvType const&) + 115
#e --> Error: 11    0x4c2b4b void std::__invoke_impl<void, void (incmdCreateObj<(ObjectType)1>::*&)(EvType const&), incmdCreateObj<(ObjectType)1>*&, EvType const&>(std::__invoke_memfun_deref, void (incmdCreateObj<(ObjectType)1>::*&)(EvType const&), incmdCreateObj<(ObjectType)1>*&, EvType const&) + 107
#e --> Error: 12    0x4c2489 std::__invoke_result<void (incmdCreateObj<(ObjectType)1>::*&)(EvType const&), incmdCreateObj<(ObjectType)1>*&, EvType const&>::type std::__invoke<void (incmdCreateObj<(ObjectType)1>::*&)(EvType const&), incmdCreateObj<(ObjectType)1>*&, EvType const&>(void (incmdCreateObj<(ObjectType)1>::*&)(EvType const&), incmdCreateObj<(ObjectType)1>*&, EvType const&) + 79
#e --> Error: 13    0x4c1432 void std::_Bind<void (incmdCreateObj<(ObjectType)1>::*(incmdCreateObj<(ObjectType)1>*, std::_Placeholder<1>))(EvType const&)>::__call<void, EvType const&, 0u, 1u>(std::tuple<EvType const&>&&, std::_Index_tuple<0u, 1u>) + 134
#e --> Error: 14    0x4bf470 void std::_Bind<void (incmdCreateObj<(ObjectType)1>::*(incmdCreateObj<(ObjectType)1>*, std::_Placeholder<1>))(EvType const&)>::operator()<EvType const&, void>(EvType const&) + 90
#e --> Error: 15    0x4bcb4f std::_Function_handler<void (EvType const&), std::_Bind<void (incmdCreateObj<(ObjectType)1>::*(incmdCreateObj<(ObjectType)1>*, std::_Placeholder<1>))(EvType const&)> >::_M_invoke(std::_Any_data const&, EvType const&) + 56
#e --> Error: 16    0x4b1f64 std::function<void (EvType const&)>::operator()(EvType const&) const + 72
#e --> Error: 17    0x4ace93 InteractiveCommandBase::handle_mouse_click(int, int) + 103
#e --> Error: 18    0x4ae7d6 incmdSelectShapesByRegion::handle_mouse_click(int, int) + 142
#e --> Error: 19    0x515d6e command_manager::mouse_clicked(int, int) + 132
#e --> Error: 20    0x4a8558 canvas::mousePressEvent(QMouseEvent*) + 204
#e --> Error: 21  0xb78d1f6e QWidget::event(QEvent*) + 2542
#e --> Error: 
#e --> Error: Nice one. Program unexpectedly terminated.
#dicmdguiClickModalButton -btn &Ok 
