incmdCreateObjRectangle
dicmdCanvasMouseClick -point (196,89) 
dicmdCanvasMouseClick -point (399,224) 
dicmdCanvasMouseClick -point (155,189) 
dicmdCanvasMouseClick -point (295,301) 
incmdDesignSave
dicmdguiClickModalButton -btn &Yes
incmdCreateObjRectangle
dicmdCanvasMouseClick -point (369,129) 
dicmdCanvasMouseClick -point (498,257) 
dicmdCanvasMouseClick -point (452,64) 
dicmdCanvasMouseClick -point (559,165) 
dicmdCanvasMouseClick -point (510,165) 
dicmdCanvasMouseClick -point (631,275) 
dicmdCanvasMouseClick -point (582,222) 
dicmdCanvasMouseClick -point (698,317)
incmdDesignSave
dicmdguiClickModalButton -btn &Cancel
incmdCreateObjEllipse
dicmdCanvasMouseClick -point (369,129) 
dicmdCanvasMouseClick -point (498,257) 
dicmdCanvasMouseClick -point (452,64) 
dicmdCanvasMouseClick -point (559,165) 
dicmdCanvasMouseClick -point (510,165) 
dicmdCanvasMouseClick -point (631,275) 
dicmdCanvasMouseClick -point (582,222) 
dicmdCanvasMouseClick -point (698,317)
