incmdCreateObjRectangle
dicmdCanvasMouseMove -point (91,40)
dicmdCanvasMouseMove -point (96,44)
dicmdCanvasMouseMove -point (109,50)
dicmdCanvasMouseMove -point (123,60)
dicmdCanvasMouseMove -point (137,66)
dicmdCanvasMouseMove -point (153,73)
dicmdCanvasMouseMove -point (172,83)
dicmdCanvasMouseMove -point (184,92)
dicmdCanvasMouseMove -point (197,101)
dicmdCanvasMouseMove -point (214,114)
dicmdCanvasMouseMove -point (225,126)
dicmdCanvasMouseMove -point (238,137)
dicmdCanvasMouseMove -point (248,147)
dicmdCanvasMouseMove -point (253,152)
dicmdCanvasMouseMove -point (255,155)
dicmdCanvasMouseMove -point (256,157)
dicmdCanvasMouseClick -point (256,157)
dicmdCanvasMouseMove -point (258,160)
dicmdCanvasMouseMove -point (261,165)
dicmdCanvasMouseMove -point (265,172)
dicmdCanvasMouseMove -point (269,179)
dicmdCanvasMouseMove -point (275,186)
dicmdCanvasMouseMove -point (283,193)
dicmdCanvasMouseMove -point (289,199)
dicmdCanvasMouseMove -point (295,205)
dicmdCanvasMouseMove -point (307,215)
dicmdCanvasMouseMove -point (318,221)
dicmdCanvasMouseMove -point (324,224)
dicmdCanvasMouseMove -point (330,228)
dicmdCanvasMouseMove -point (335,229)
dicmdCanvasMouseMove -point (341,232)
dicmdCanvasMouseMove -point (346,235)
dicmdCanvasMouseMove -point (353,238)
dicmdCanvasMouseMove -point (361,242)
dicmdCanvasMouseMove -point (365,245)
dicmdCanvasMouseMove -point (373,249)
dicmdCanvasMouseMove -point (374,253)
dicmdCanvasMouseClick -point (374,253)
dicmdCanvasMouseMove -point (376,253)
dicmdCanvasMouseMove -point (377,252)
dicmdCanvasMouseMove -point (379,252)
dicmdCanvasMouseMove -point (383,251)
dicmdCanvasMouseMove -point (386,250)
dicmdCanvasMouseMove -point (391,250)
dicmdCanvasMouseMove -point (408,249)
dicmdCanvasMouseMove -point (424,248)
dicmdCanvasMouseMove -point (444,248)
dicmdCanvasMouseMove -point (470,248)
dicmdCanvasMouseMove -point (499,249)
dicmdCanvasMouseMove -point (528,253)
dicmdCanvasMouseMove -point (554,255)
dicmdCanvasMouseMove -point (571,259)
dicmdCanvasMouseMove -point (584,260)
dicmdCanvasMouseMove -point (590,262)
dicmdCanvasMouseMove -point (598,264)
dicmdCanvasMouseMove -point (599,266)
dicmdCanvasMouseMove -point (598,267)
dicmdCanvasMouseMove -point (598,268)
dicmdCanvasMouseMove -point (597,269)
dicmdCanvasMouseMove -point (596,270)
dicmdCanvasMouseMove -point (595,271)
dicmdCanvasMouseClick -point (595,271)
dicmdCanvasMouseMove -point (595,273)
dicmdCanvasMouseMove -point (599,278)
dicmdCanvasMouseMove -point (604,284)
dicmdCanvasMouseMove -point (613,293)
dicmdCanvasMouseMove -point (621,301)
dicmdCanvasMouseMove -point (632,311)
dicmdCanvasMouseMove -point (649,321)
dicmdCanvasMouseMove -point (657,326)
dicmdCanvasMouseMove -point (665,331)
dicmdCanvasMouseMove -point (672,334)
dicmdCanvasMouseMove -point (673,336)
dicmdCanvasMouseMove -point (675,337)
dicmdCanvasMouseClick -point (675,337)
dicmdCanvasMouseMove -point (673,336)
dicmdCanvasMouseMove -point (675,338)
dicmdCanvasMouseMove -point (679,342)
dicmdCanvasMouseMove -point (687,349)
dicmdCanvasMouseMove -point (701,357)
dicmdCanvasMouseMove -point (721,369)
dicmdCanvasMouseMove -point (740,377)
dicmdCanvasMouseMove -point (763,385)
dicmdCanvasMouseMove -point (783,391)
dicmdCanvasMouseMove -point (805,395)
dicmdguiSelectRadioButton -object pbgui/rbDashLine
dicmdCanvasMouseMove -point (798,342)
dicmdCanvasMouseMove -point (769,354)
dicmdCanvasMouseMove -point (733,368)
dicmdCanvasMouseMove -point (700,380)
dicmdCanvasMouseMove -point (668,389)
dicmdCanvasMouseMove -point (640,397)
dicmdCanvasMouseMove -point (616,403)
dicmdCanvasMouseMove -point (594,409)
dicmdCanvasMouseMove -point (578,415)
dicmdCanvasMouseMove -point (562,419)
dicmdCanvasMouseMove -point (544,423)
dicmdCanvasMouseMove -point (532,429)
dicmdCanvasMouseMove -point (516,433)
dicmdCanvasMouseMove -point (508,435)
dicmdCanvasMouseMove -point (496,439)
dicmdCanvasMouseMove -point (492,441)
dicmdCanvasMouseMove -point (488,441)
dicmdCanvasMouseMove -point (485,443)
dicmdCanvasMouseMove -point (483,443)
dicmdCanvasMouseMove -point (481,443)
dicmdCanvasMouseMove -point (481,444)
dicmdCanvasMouseMove -point (480,444)
dicmdCanvasMouseMove -point (479,444)
dicmdCanvasMouseMove -point (478,444)
dicmdCanvasMouseMove -point (476,444)
dicmdCanvasMouseMove -point (473,444)
dicmdCanvasMouseMove -point (470,444)
dicmdCanvasMouseMove -point (466,444)
dicmdCanvasMouseMove -point (463,444)
dicmdCanvasMouseMove -point (460,444)
dicmdCanvasMouseMove -point (457,445)
dicmdCanvasMouseMove -point (456,445)
dicmdCanvasMouseMove -point (455,445)
dicmdCanvasMouseClick -point (455,445)
dicmdCanvasMouseMove -point (456,445)
dicmdCanvasMouseMove -point (457,445)
dicmdCanvasMouseMove -point (459,444)
dicmdCanvasMouseMove -point (460,444)
dicmdCanvasMouseMove -point (461,444)
dicmdCanvasMouseMove -point (462,444)
dicmdCanvasMouseMove -point (467,446)
dicmdCanvasMouseMove -point (470,448)
dicmdCanvasMouseMove -point (473,451)
dicmdCanvasMouseMove -point (477,454)
dicmdCanvasMouseMove -point (480,456)
dicmdCanvasMouseMove -point (484,458)
dicmdCanvasMouseMove -point (488,461)
dicmdCanvasMouseMove -point (492,463)
dicmdCanvasMouseMove -point (498,467)
dicmdCanvasMouseMove -point (503,470)
dicmdCanvasMouseMove -point (510,473)
dicmdCanvasMouseMove -point (514,475)
dicmdCanvasMouseMove -point (517,478)
dicmdCanvasMouseMove -point (522,481)
dicmdCanvasMouseMove -point (524,482)
dicmdCanvasMouseMove -point (526,484)
dicmdCanvasMouseMove -point (528,486)
dicmdCanvasMouseMove -point (529,487)
dicmdCanvasMouseMove -point (530,489)
dicmdCanvasMouseMove -point (532,489)
dicmdCanvasMouseMove -point (533,489)
dicmdCanvasMouseMove -point (534,490)
dicmdCanvasMouseMove -point (535,491)
dicmdCanvasMouseMove -point (536,491)
dicmdCanvasMouseMove -point (537,491)
dicmdCanvasMouseMove -point (537,492)
dicmdCanvasMouseMove -point (538,492)
dicmdCanvasMouseMove -point (540,494)
dicmdCanvasMouseMove -point (541,494)
dicmdCanvasMouseMove -point (542,495)
dicmdCanvasMouseMove -point (543,496)
dicmdCanvasMouseMove -point (544,497)
dicmdCanvasMouseMove -point (546,498)
dicmdCanvasMouseMove -point (548,499)
dicmdCanvasMouseMove -point (549,500)
dicmdCanvasMouseMove -point (551,501)
dicmdCanvasMouseMove -point (552,502)
dicmdCanvasMouseMove -point (553,502)
dicmdCanvasMouseMove -point (554,502)
dicmdCanvasMouseMove -point (554,503)
dicmdCanvasMouseClick -point (554,503)
dicmdCanvasMouseMove -point (556,500)
dicmdCanvasMouseMove -point (559,498)
dicmdCanvasMouseMove -point (564,493)
dicmdCanvasMouseMove -point (569,488)
dicmdCanvasMouseMove -point (573,483)
dicmdCanvasMouseMove -point (576,476)
dicmdCanvasMouseMove -point (582,470)
dicmdCanvasMouseMove -point (585,465)
dicmdCanvasMouseMove -point (588,458)
dicmdCanvasMouseMove -point (591,453)
dicmdCanvasMouseMove -point (593,447)
dicmdCanvasMouseMove -point (594,441)
dicmdCanvasMouseMove -point (594,435)
dicmdCanvasMouseMove -point (594,429)
dicmdCanvasMouseMove -point (594,426)
dicmdCanvasMouseMove -point (594,423)
dicmdCanvasMouseMove -point (594,420)
dicmdCanvasMouseMove -point (594,416)
dicmdCanvasMouseMove -point (594,413)
dicmdCanvasMouseMove -point (594,411)
dicmdCanvasMouseMove -point (594,410)
dicmdCanvasMouseMove -point (594,409)
dicmdCanvasMouseMove -point (594,408)
dicmdCanvasMouseClick -point (594,408)
dicmdCanvasMouseMove -point (596,409)
dicmdCanvasMouseMove -point (598,411)
dicmdCanvasMouseMove -point (601,413)
dicmdCanvasMouseMove -point (603,415)
dicmdCanvasMouseMove -point (607,418)
dicmdCanvasMouseMove -point (611,421)
dicmdCanvasMouseMove -point (615,426)
dicmdCanvasMouseMove -point (620,428)
dicmdCanvasMouseMove -point (624,431)
dicmdCanvasMouseMove -point (631,437)
dicmdCanvasMouseMove -point (640,442)
dicmdCanvasMouseMove -point (648,447)
dicmdCanvasMouseMove -point (662,455)
dicmdCanvasMouseMove -point (668,456)
dicmdCanvasMouseClick -point (668,456)
dicmdCanvasMouseMove -point (670,456)
dicmdCanvasMouseMove -point (674,453)
dicmdCanvasMouseMove -point (677,449)
dicmdCanvasMouseMove -point (680,444)
dicmdCanvasMouseMove -point (683,438)
dicmdCanvasMouseMove -point (684,433)
dicmdCanvasMouseMove -point (684,426)
dicmdCanvasMouseMove -point (684,420)
dicmdCanvasMouseMove -point (684,415)
dicmdCanvasMouseMove -point (683,409)
dicmdCanvasMouseMove -point (680,405)
dicmdCanvasMouseMove -point (678,401)
dicmdCanvasMouseMove -point (676,396)
dicmdCanvasMouseMove -point (672,392)
dicmdCanvasMouseMove -point (668,388)
dicmdCanvasMouseMove -point (661,383)
dicmdCanvasMouseMove -point (651,376)
dicmdCanvasMouseMove -point (640,371)
dicmdCanvasMouseMove -point (623,361)
dicmdCanvasMouseMove -point (599,349)
dicmdCanvasMouseMove -point (578,337)
dicmdCanvasMouseMove -point (551,321)
dicmdCanvasMouseMove -point (530,308)
dicmdCanvasMouseMove -point (508,297)
dicmdCanvasMouseMove -point (491,285)
dicmdCanvasMouseMove -point (483,278)
dicmdCanvasMouseMove -point (473,270)
dicmdCanvasMouseMove -point (469,264)
dicmdCanvasMouseMove -point (467,260)
dicmdCanvasMouseMove -point (465,256)
dicmdCanvasMouseMove -point (465,253)
dicmdCanvasMouseMove -point (465,252)
dicmdCanvasMouseMove -point (465,251)
dicmdCanvasMouseMove -point (465,250)
dicmdCanvasMouseMove -point (466,249)
dicmdCanvasMouseMove -point (466,248)
dicmdCanvasMouseMove -point (467,247)
dicmdCanvasMouseMove -point (467,246)
dicmdCanvasMouseMove -point (468,245)
dicmdCanvasMouseMove -point (468,244)
dicmdCanvasMouseClick -point (468,244)
dicmdCanvasMouseMove -point (469,244)
dicmdCanvasMouseMove -point (474,245)
dicmdCanvasMouseMove -point (485,247)
dicmdCanvasMouseMove -point (497,247)
dicmdCanvasMouseMove -point (504,247)
dicmdCanvasMouseMove -point (519,250)
dicmdCanvasMouseMove -point (537,250)
dicmdCanvasMouseMove -point (554,251)
dicmdCanvasMouseMove -point (574,253)
dicmdCanvasMouseMove -point (588,253)
dicmdCanvasMouseMove -point (599,253)
dicmdCanvasMouseMove -point (607,253)
dicmdCanvasMouseMove -point (612,253)
dicmdCanvasMouseMove -point (615,253)
dicmdCanvasMouseMove -point (617,253)
dicmdCanvasMouseMove -point (618,253)
dicmdCanvasMouseMove -point (618,252)
dicmdCanvasMouseMove -point (619,252)
dicmdCanvasMouseMove -point (620,252)
dicmdCanvasMouseMove -point (621,252)
dicmdCanvasMouseMove -point (622,251)
dicmdCanvasMouseMove -point (624,251)
dicmdCanvasMouseMove -point (626,251)
dicmdCanvasMouseMove -point (629,251)
dicmdCanvasMouseMove -point (632,251)
dicmdCanvasMouseMove -point (635,251)
dicmdCanvasMouseMove -point (638,251)
dicmdCanvasMouseMove -point (640,251)
dicmdCanvasMouseMove -point (641,251)
dicmdCanvasMouseMove -point (642,251)
dicmdCanvasMouseMove -point (646,252)
dicmdCanvasMouseMove -point (648,254)
dicmdCanvasMouseMove -point (652,254)
dicmdCanvasMouseMove -point (658,255)
dicmdCanvasMouseMove -point (664,256)
dicmdCanvasMouseMove -point (669,258)
dicmdCanvasMouseMove -point (674,260)
dicmdCanvasMouseMove -point (680,262)
dicmdCanvasMouseMove -point (687,266)
dicmdCanvasMouseMove -point (695,269)
dicmdCanvasMouseMove -point (702,273)
dicmdCanvasMouseMove -point (713,278)
dicmdCanvasMouseMove -point (724,281)
dicmdCanvasMouseMove -point (732,285)
dicmdCanvasMouseMove -point (742,289)
dicmdCanvasMouseMove -point (751,294)
dicmdCanvasMouseMove -point (755,295)
dicmdCanvasMouseMove -point (765,299)
dicmdCanvasMouseMove -point (770,304)
dicmdCanvasMouseMove -point (777,306)
dicmdCanvasMouseMove -point (785,309)
dicmdCanvasMouseMove -point (789,311)
dicmdCanvasMouseMove -point (793,314)
dicmdCanvasMouseMove -point (796,314)
dicmdCanvasMouseMove -point (798,315)
dicmdCanvasMouseMove -point (798,316)
dicmdCanvasMouseMove -point (799,316)
dicmdCanvasMouseMove -point (801,316)
dicmdCanvasMouseMove -point (802,317)
dicmdCanvasMouseMove -point (803,318)
dicmdCanvasMouseMove -point (805,319)
dicmdCanvasMouseMove -point (807,320)
dicmdCanvasMouseMove -point (808,320)
dicmdCanvasMouseMove -point (809,321)
dicmdCanvasMouseMove -point (810,322)
dicmdCanvasMouseMove -point (811,322)
dicmdCanvasMouseMove -point (812,323)
dicmdguiSelectRadioButton -object pbgui/rbDotLine
dicmdCanvasMouseMove -point (805,292)
dicmdCanvasMouseMove -point (786,281)
dicmdCanvasMouseMove -point (769,268)
dicmdCanvasMouseMove -point (749,255)
dicmdCanvasMouseMove -point (732,244)
dicmdCanvasMouseMove -point (713,233)
dicmdCanvasMouseMove -point (698,225)
dicmdCanvasMouseMove -point (681,214)
dicmdCanvasMouseMove -point (664,201)
dicmdCanvasMouseMove -point (652,191)
dicmdCanvasMouseMove -point (639,181)
dicmdCanvasMouseMove -point (629,172)
dicmdCanvasMouseMove -point (619,164)
dicmdCanvasMouseMove -point (612,158)
dicmdCanvasMouseMove -point (608,154)
dicmdCanvasMouseMove -point (602,149)
dicmdCanvasMouseMove -point (599,147)
dicmdCanvasMouseMove -point (597,146)
dicmdCanvasMouseMove -point (596,144)
dicmdCanvasMouseMove -point (593,141)
dicmdCanvasMouseMove -point (590,140)
dicmdCanvasMouseMove -point (587,137)
dicmdCanvasMouseMove -point (585,135)
dicmdCanvasMouseMove -point (581,131)
dicmdCanvasMouseMove -point (579,129)
dicmdCanvasMouseMove -point (576,128)
dicmdCanvasMouseMove -point (573,126)
dicmdCanvasMouseMove -point (571,124)
dicmdCanvasMouseMove -point (567,122)
dicmdCanvasMouseMove -point (565,121)
dicmdCanvasMouseMove -point (564,120)
dicmdCanvasMouseMove -point (563,120)
dicmdCanvasMouseMove -point (562,119)
dicmdCanvasMouseMove -point (561,118)
dicmdCanvasMouseMove -point (560,118)
dicmdCanvasMouseClick -point (560,118)
dicmdguiSelectRadioButton -object pbgui/rbDotLine
dicmdguiSelectRadioButton -object pbgui/rbDotLine
dicmdguiSelectRadioButton -object pbgui/rbDotLine
