incmdCreateObjPolygon
dicmdCanvasMouseMove -point (289,24) 
dicmdCanvasMouseMove -point (252,47) 
dicmdCanvasMouseMove -point (224,60) 
dicmdCanvasMouseMove -point (205,70) 
dicmdCanvasMouseMove -point (196,75) 
dicmdCanvasMouseMove -point (192,76) 
dicmdCanvasMouseMove -point (191,76) 
dicmdCanvasMouseMove -point (190,76) 
dicmdCanvasMouseMove -point (189,76) 
dicmdCanvasMouseMove -point (188,76) 
dicmdCanvasMouseClick -point (188,76) 
dicmdCanvasMouseMove -point (191,77) 
dicmdCanvasMouseMove -point (206,87) 
dicmdCanvasMouseMove -point (226,104) 
dicmdCanvasMouseMove -point (242,119) 
dicmdCanvasMouseMove -point (252,128) 
dicmdCanvasMouseMove -point (259,134) 
dicmdCanvasMouseMove -point (263,137) 
dicmdCanvasMouseMove -point (265,139) 
dicmdCanvasMouseMove -point (267,140) 
dicmdCanvasMouseMove -point (268,141) 
dicmdCanvasMouseMove -point (269,142) 
dicmdCanvasMouseMove -point (270,143) 
dicmdCanvasMouseMove -point (271,143) 
dicmdCanvasMouseMove -point (272,143) 
dicmdCanvasMouseMove -point (272,144) 
dicmdCanvasMouseClick -point (272,144) 
dicmdCanvasMouseMove -point (271,144) 
dicmdCanvasMouseMove -point (269,144) 
dicmdCanvasMouseMove -point (265,147) 
dicmdCanvasMouseMove -point (254,158) 
dicmdCanvasMouseMove -point (227,177) 
dicmdCanvasMouseMove -point (203,194) 
dicmdCanvasMouseMove -point (193,203) 
dicmdCanvasMouseMove -point (188,206) 
dicmdCanvasMouseMove -point (186,207) 
dicmdCanvasMouseMove -point (185,207) 
dicmdCanvasMouseMove -point (184,207) 
dicmdCanvasMouseClick -point (184,207) 
#o --> Out: dicmdCreateObjPolygon -points {(188,76);(272,144);(184,207);(184,207)} 
dicmdCanvasMouseDblClick -point (184,207) 
dicmdCanvasMouseMove -point (184,209) 
dicmdCanvasMouseMove -point (184,211) 
dicmdCanvasMouseMove -point (185,213) 
dicmdCanvasMouseMove -point (186,216) 
dicmdCanvasMouseMove -point (188,218) 
dicmdCanvasMouseMove -point (189,220) 
dicmdCanvasMouseMove -point (190,221) 
dicmdCanvasMouseMove -point (191,222) 
dicmdCanvasMouseMove -point (191,223) 
dicmdCanvasMouseMove -point (192,223) 
dicmdCanvasMouseMove -point (192,224) 
dicmdCanvasMouseClick -point (192,224) 
dicmdCanvasMouseMove -point (192,223) 
dicmdCanvasMouseMove -point (192,221) 
dicmdCanvasMouseMove -point (192,218) 
dicmdCanvasMouseMove -point (192,216) 
dicmdCanvasMouseMove -point (192,213) 
dicmdCanvasMouseMove -point (193,211) 
dicmdCanvasMouseMove -point (194,209) 
dicmdCanvasMouseMove -point (194,206) 
dicmdCanvasMouseMove -point (195,202) 
dicmdCanvasMouseMove -point (195,198) 
dicmdCanvasMouseMove -point (196,194) 
dicmdCanvasMouseMove -point (197,190) 
dicmdCanvasMouseMove -point (198,187) 
dicmdCanvasMouseMove -point (200,185) 
dicmdCanvasMouseMove -point (201,183) 
dicmdCanvasMouseMove -point (202,182) 
dicmdCanvasMouseMove -point (203,181) 
dicmdCanvasMouseMove -point (204,180) 
dicmdCanvasMouseMove -point (205,180) 
dicmdCanvasMouseMove -point (206,180) 
dicmdCanvasMouseMove -point (206,179) 
dicmdCanvasMouseMove -point (207,179) 
dicmdCanvasMouseMove -point (207,178) 
dicmdCanvasMouseMove -point (207,177) 
dicmdCanvasMouseMove -point (207,176) 
dicmdCanvasMouseMove -point (207,175) 
dicmdCanvasMouseMove -point (207,174) 
dicmdCanvasMouseClick -point (207,174) 
dicmdCanvasMouseMove -point (208,177) 
dicmdCanvasMouseMove -point (208,179) 
dicmdCanvasMouseMove -point (209,184) 
dicmdCanvasMouseMove -point (211,189) 
dicmdCanvasMouseMove -point (213,193) 
dicmdCanvasMouseMove -point (215,196) 
dicmdCanvasMouseMove -point (217,199) 
dicmdCanvasMouseMove -point (218,201) 
dicmdCanvasMouseMove -point (220,203) 
dicmdCanvasMouseMove -point (221,205) 
dicmdCanvasMouseMove -point (223,207) 
dicmdCanvasMouseMove -point (224,208) 
dicmdCanvasMouseMove -point (224,209) 
dicmdCanvasMouseMove -point (225,210) 
dicmdCanvasMouseMove -point (225,211) 
dicmdCanvasMouseMove -point (226,212) 
dicmdCanvasMouseMove -point (226,213) 
dicmdCanvasMouseMove -point (226,214) 
dicmdCanvasMouseMove -point (226,215) 
dicmdCanvasMouseMove -point (226,216) 
dicmdCanvasMouseMove -point (226,217) 
dicmdCanvasMouseMove -point (226,218) 
dicmdCanvasMouseMove -point (226,219) 
dicmdCanvasMouseMove -point (227,220) 
dicmdCanvasMouseClick -point (227,220) 
#o --> Out: dicmdCreateObjPolygon -points {(192,224);(207,174);(227,220);(227,220)} 
dicmdCanvasMouseDblClick -point (227,220) 
dicmdCanvasMouseMove -point (228,220) 
dicmdCanvasMouseMove -point (229,220) 
dicmdCanvasMouseMove -point (232,220) 
dicmdCanvasMouseMove -point (237,220) 
dicmdCanvasMouseMove -point (244,219) 
dicmdCanvasMouseMove -point (252,219) 
dicmdCanvasMouseMove -point (259,219) 
dicmdCanvasMouseMove -point (267,219) 
dicmdCanvasMouseMove -point (275,218) 
dicmdCanvasMouseMove -point (279,217) 
dicmdCanvasMouseMove -point (282,215) 
dicmdCanvasMouseMove -point (284,215) 
dicmdCanvasMouseMove -point (283,215) 
dicmdCanvasMouseMove -point (281,214) 
dicmdCanvasMouseMove -point (280,214) 
dicmdCanvasMouseMove -point (279,213) 
dicmdCanvasMouseMove -point (278,213) 
dicmdCanvasMouseMove -point (277,213) 
dicmdCanvasMouseMove -point (276,213) 
dicmdCanvasMouseClick -point (276,213) 
dicmdCanvasMouseMove -point (276,212) 
dicmdCanvasMouseMove -point (276,211) 
dicmdCanvasMouseMove -point (276,209) 
dicmdCanvasMouseMove -point (276,205) 
dicmdCanvasMouseMove -point (283,198) 
dicmdCanvasMouseMove -point (304,180) 
dicmdCanvasMouseMove -point (321,162) 
dicmdCanvasMouseMove -point (334,147) 
dicmdCanvasMouseMove -point (348,132) 
dicmdCanvasMouseMove -point (363,118) 
dicmdCanvasMouseMove -point (375,109) 
dicmdCanvasMouseMove -point (385,102) 
dicmdCanvasMouseMove -point (391,99) 
dicmdCanvasMouseMove -point (397,96) 
dicmdCanvasMouseMove -point (402,93) 
dicmdCanvasMouseMove -point (408,91) 
dicmdCanvasMouseMove -point (416,88) 
dicmdCanvasMouseMove -point (423,85) 
dicmdCanvasMouseMove -point (428,83) 
dicmdCanvasMouseMove -point (430,83) 
dicmdCanvasMouseMove -point (431,82) 
dicmdCanvasMouseMove -point (432,82) 
dicmdCanvasMouseMove -point (433,82) 
dicmdCanvasMouseMove -point (434,82) 
dicmdCanvasMouseMove -point (434,83) 
dicmdCanvasMouseMove -point (434,84) 
dicmdCanvasMouseMove -point (434,85) 
dicmdCanvasMouseMove -point (434,86) 
dicmdCanvasMouseMove -point (434,87) 
dicmdCanvasMouseMove -point (434,88) 
dicmdCanvasMouseMove -point (434,89) 
dicmdCanvasMouseMove -point (434,90) 
dicmdCanvasMouseMove -point (433,91) 
dicmdCanvasMouseMove -point (432,91) 
dicmdCanvasMouseMove -point (432,92) 
dicmdCanvasMouseMove -point (431,92) 
dicmdCanvasMouseMove -point (431,93) 
dicmdCanvasMouseMove -point (430,94) 
dicmdCanvasMouseMove -point (429,95) 
dicmdCanvasMouseMove -point (428,96) 
dicmdCanvasMouseMove -point (427,96) 
dicmdCanvasMouseMove -point (426,96) 
dicmdCanvasMouseMove -point (425,96) 
dicmdCanvasMouseMove -point (424,96) 
dicmdCanvasMouseMove -point (423,96) 
dicmdCanvasMouseMove -point (422,96) 
dicmdCanvasMouseMove -point (421,96) 
dicmdCanvasMouseMove -point (420,96) 
dicmdCanvasMouseMove -point (419,96) 
dicmdCanvasMouseMove -point (418,96) 
dicmdCanvasMouseMove -point (417,96) 
dicmdAbortActiveCommand 
dicmdCanvasMouseDblClick -point (570,98) 
incmdCreateObjPolygon
dicmdCanvasMouseMove -point (429,18) 
dicmdCanvasMouseMove -point (413,42) 
dicmdCanvasMouseMove -point (398,64) 
dicmdCanvasMouseMove -point (387,81) 
dicmdCanvasMouseMove -point (377,95) 
dicmdCanvasMouseMove -point (370,106) 
dicmdCanvasMouseMove -point (366,112) 
dicmdCanvasMouseMove -point (362,115) 
dicmdCanvasMouseMove -point (361,116) 
dicmdCanvasMouseMove -point (360,117) 
dicmdCanvasMouseMove -point (359,117) 
dicmdCanvasMouseMove -point (358,117) 
dicmdCanvasMouseClick -point (358,117) 
dicmdCanvasMouseMove -point (361,117) 
dicmdCanvasMouseMove -point (369,117) 
dicmdCanvasMouseMove -point (389,123) 
dicmdCanvasMouseMove -point (412,129) 
dicmdCanvasMouseMove -point (432,136) 
dicmdCanvasMouseMove -point (449,141) 
dicmdCanvasMouseMove -point (459,142) 
dicmdCanvasMouseMove -point (471,143) 
dicmdCanvasMouseMove -point (482,143) 
dicmdCanvasMouseMove -point (494,144) 
dicmdCanvasMouseMove -point (506,144) 
dicmdCanvasMouseMove -point (517,144) 
dicmdCanvasMouseMove -point (527,145) 
dicmdCanvasMouseMove -point (533,146) 
dicmdCanvasMouseMove -point (536,146) 
dicmdCanvasMouseMove -point (538,146) 
dicmdCanvasMouseMove -point (539,146) 
dicmdCanvasMouseMove -point (541,146) 
dicmdCanvasMouseMove -point (543,146) 
dicmdCanvasMouseMove -point (544,146) 
dicmdCanvasMouseMove -point (545,146) 
dicmdCanvasMouseMove -point (546,146) 
dicmdCanvasMouseClick -point (546,146) 
dicmdCanvasMouseMove -point (546,148) 
dicmdCanvasMouseMove -point (546,151) 
dicmdCanvasMouseMove -point (544,154) 
dicmdCanvasMouseMove -point (541,156) 
dicmdCanvasMouseMove -point (539,160) 
dicmdCanvasMouseMove -point (535,167) 
dicmdCanvasMouseMove -point (530,175) 
dicmdCanvasMouseMove -point (522,186) 
dicmdCanvasMouseMove -point (515,197) 
dicmdCanvasMouseMove -point (510,204) 
dicmdCanvasMouseMove -point (507,208) 
dicmdCanvasMouseMove -point (505,212) 
dicmdCanvasMouseMove -point (504,213) 
dicmdCanvasMouseMove -point (503,213) 
dicmdCanvasMouseMove -point (503,214) 
dicmdCanvasMouseMove -point (501,214) 
dicmdCanvasMouseMove -point (500,214) 
dicmdCanvasMouseMove -point (498,215) 
dicmdCanvasMouseClick -point (498,215) 
dicmdCanvasMouseMove -point (498,214) 
dicmdCanvasMouseMove -point (497,212) 
dicmdCanvasMouseMove -point (497,209) 
dicmdCanvasMouseMove -point (496,201) 
dicmdCanvasMouseMove -point (494,192) 
dicmdCanvasMouseMove -point (492,181) 
dicmdCanvasMouseMove -point (490,168) 
dicmdCanvasMouseMove -point (488,158) 
dicmdCanvasMouseMove -point (487,149) 
dicmdCanvasMouseMove -point (486,140) 
dicmdCanvasMouseMove -point (486,135) 
dicmdCanvasMouseMove -point (486,131) 
dicmdCanvasMouseMove -point (485,129) 
dicmdCanvasMouseMove -point (485,126) 
dicmdCanvasMouseMove -point (485,124) 
dicmdCanvasMouseMove -point (485,122) 
dicmdCanvasMouseMove -point (485,120) 
dicmdCanvasMouseMove -point (485,119) 
dicmdCanvasMouseMove -point (485,117) 
dicmdCanvasMouseMove -point (485,116) 
dicmdCanvasMouseMove -point (485,115) 
dicmdCanvasMouseClick -point (485,115) 
dicmdCanvasMouseMove -point (484,115) 
dicmdCanvasMouseMove -point (483,119) 
dicmdCanvasMouseMove -point (482,123) 
dicmdCanvasMouseMove -point (481,129) 
dicmdCanvasMouseMove -point (478,138) 
dicmdCanvasMouseMove -point (474,153) 
dicmdCanvasMouseMove -point (468,167) 
dicmdCanvasMouseMove -point (463,177) 
dicmdCanvasMouseMove -point (459,185) 
dicmdCanvasMouseMove -point (456,191) 
dicmdCanvasMouseMove -point (454,195) 
dicmdCanvasMouseMove -point (453,197) 
dicmdCanvasMouseMove -point (452,199) 
dicmdCanvasMouseMove -point (451,201) 
dicmdCanvasMouseMove -point (451,202) 
dicmdCanvasMouseMove -point (450,202) 
dicmdCanvasMouseMove -point (449,202) 
dicmdCanvasMouseClick -point (449,202) 
dicmdCanvasMouseMove -point (449,201) 
dicmdCanvasMouseMove -point (449,198) 
dicmdCanvasMouseMove -point (449,194) 
dicmdCanvasMouseMove -point (449,189) 
dicmdCanvasMouseMove -point (449,184) 
dicmdCanvasMouseMove -point (448,176) 
dicmdCanvasMouseMove -point (448,167) 
dicmdCanvasMouseMove -point (448,160) 
dicmdCanvasMouseMove -point (448,155) 
dicmdCanvasMouseMove -point (448,150) 
dicmdCanvasMouseMove -point (448,145) 
dicmdCanvasMouseMove -point (448,140) 
dicmdCanvasMouseMove -point (448,137) 
dicmdCanvasMouseMove -point (448,134) 
dicmdCanvasMouseMove -point (447,131) 
dicmdCanvasMouseMove -point (447,129) 
dicmdCanvasMouseMove -point (447,127) 
dicmdCanvasMouseMove -point (447,125) 
dicmdCanvasMouseMove -point (446,124) 
dicmdCanvasMouseMove -point (446,123) 
dicmdCanvasMouseMove -point (446,122) 
dicmdCanvasMouseMove -point (445,122) 
dicmdCanvasMouseClick -point (445,122) 
dicmdCanvasMouseMove -point (444,122) 
dicmdCanvasMouseMove -point (443,124) 
dicmdCanvasMouseMove -point (441,129) 
dicmdCanvasMouseMove -point (438,139) 
dicmdCanvasMouseMove -point (431,155) 
dicmdCanvasMouseMove -point (422,173) 
dicmdCanvasMouseMove -point (413,186) 
dicmdCanvasMouseMove -point (408,194) 
dicmdCanvasMouseMove -point (405,198) 
dicmdCanvasMouseMove -point (404,199) 
dicmdCanvasMouseMove -point (403,200) 
dicmdCanvasMouseMove -point (402,200) 
dicmdCanvasMouseMove -point (402,201) 
dicmdCanvasMouseMove -point (401,201) 
dicmdCanvasMouseClick -point (401,201) 
dicmdCanvasMouseMove -point (401,198) 
dicmdCanvasMouseMove -point (401,194) 
dicmdCanvasMouseMove -point (401,188) 
dicmdCanvasMouseMove -point (401,182) 
dicmdCanvasMouseMove -point (401,174) 
dicmdCanvasMouseMove -point (401,165) 
dicmdCanvasMouseMove -point (401,156) 
dicmdCanvasMouseMove -point (401,147) 
dicmdCanvasMouseMove -point (401,139) 
dicmdCanvasMouseMove -point (401,130) 
dicmdCanvasMouseMove -point (401,124) 
dicmdCanvasMouseMove -point (401,118) 
dicmdCanvasMouseMove -point (401,113) 
dicmdCanvasMouseMove -point (401,110) 
dicmdCanvasMouseMove -point (401,108) 
dicmdCanvasMouseMove -point (401,107) 
dicmdCanvasMouseMove -point (401,106) 
dicmdCanvasMouseMove -point (401,105) 
dicmdCanvasMouseMove -point (401,104) 
dicmdCanvasMouseClick -point (401,104) 
dicmdCanvasMouseMove -point (401,105) 
dicmdCanvasMouseMove -point (401,107) 
dicmdCanvasMouseMove -point (399,110) 
dicmdCanvasMouseMove -point (396,114) 
dicmdCanvasMouseMove -point (393,120) 
dicmdCanvasMouseMove -point (389,126) 
dicmdCanvasMouseMove -point (384,134) 
dicmdCanvasMouseMove -point (379,145) 
dicmdCanvasMouseMove -point (376,153) 
dicmdCanvasMouseMove -point (372,162) 
dicmdCanvasMouseMove -point (369,170) 
dicmdCanvasMouseMove -point (366,178) 
dicmdCanvasMouseMove -point (364,182) 
dicmdCanvasMouseMove -point (364,184) 
dicmdCanvasMouseMove -point (363,185) 
dicmdCanvasMouseMove -point (363,186) 
dicmdCanvasMouseClick -point (363,186) 
dicmdCanvasMouseMove -point (363,184) 
dicmdCanvasMouseMove -point (363,177) 
dicmdCanvasMouseMove -point (363,165) 
dicmdCanvasMouseMove -point (363,152) 
dicmdCanvasMouseMove -point (363,139) 
dicmdCanvasMouseMove -point (363,127) 
dicmdCanvasMouseMove -point (363,117) 
dicmdCanvasMouseMove -point (363,111) 
dicmdCanvasMouseMove -point (363,106) 
dicmdCanvasMouseMove -point (363,103) 
dicmdCanvasMouseMove -point (363,101) 
dicmdCanvasMouseMove -point (363,99) 
dicmdCanvasMouseMove -point (363,98) 
dicmdCanvasMouseMove -point (363,97) 
dicmdCanvasMouseMove -point (363,96) 
dicmdCanvasMouseClick -point (363,96) 
dicmdCanvasMouseMove -point (364,96) 
dicmdCanvasMouseMove -point (366,96) 
dicmdCanvasMouseMove -point (369,96) 
dicmdCanvasMouseMove -point (372,96) 
dicmdCanvasMouseMove -point (377,96) 
dicmdCanvasMouseMove -point (381,96) 
dicmdCanvasMouseMove -point (385,96) 
dicmdCanvasMouseMove -point (387,96) 
dicmdCanvasMouseMove -point (389,96) 
dicmdCanvasMouseMove -point (391,96) 
dicmdCanvasMouseMove -point (392,96) 
dicmdCanvasMouseMove -point (394,96) 
dicmdCanvasMouseMove -point (395,96) 
dicmdCanvasMouseMove -point (397,96) 
dicmdCanvasMouseMove -point (399,96) 
dicmdCanvasMouseMove -point (402,96) 
dicmdCanvasMouseMove -point (404,96) 
dicmdCanvasMouseMove -point (405,96) 
dicmdCanvasMouseMove -point (407,96) 
dicmdCanvasMouseMove -point (408,96) 
dicmdCanvasMouseMove -point (409,96) 
dicmdCanvasMouseMove -point (410,96) 
dicmdCanvasMouseMove -point (411,96) 
dicmdCanvasMouseMove -point (412,96) 
dicmdCanvasMouseClick -point (412,96) 
dicmdCanvasMouseMove -point (413,96) 
dicmdCanvasMouseMove -point (420,96) 
dicmdCanvasMouseMove -point (441,96) 
dicmdCanvasMouseMove -point (467,94) 
dicmdCanvasMouseMove -point (503,92) 
dicmdCanvasMouseMove -point (546,92) 
dicmdCanvasMouseMove -point (569,92) 
dicmdCanvasMouseMove -point (585,92) 
dicmdCanvasMouseMove -point (594,92) 
dicmdCanvasMouseMove -point (599,92) 
dicmdCanvasMouseMove -point (601,92) 
dicmdCanvasMouseMove -point (603,92) 
dicmdCanvasMouseMove -point (605,92) 
dicmdCanvasMouseMove -point (604,92) 
dicmdCanvasMouseMove -point (603,92) 
dicmdCanvasMouseMove -point (602,92) 
dicmdCanvasMouseMove -point (601,92) 
dicmdCanvasMouseMove -point (600,92) 
dicmdCanvasMouseMove -point (598,92) 
dicmdCanvasMouseMove -point (597,92) 
dicmdCanvasMouseMove -point (596,92) 
dicmdCanvasMouseMove -point (595,92) 
dicmdCanvasMouseMove -point (592,92) 
dicmdCanvasMouseMove -point (588,92) 
dicmdCanvasMouseMove -point (584,92) 
dicmdCanvasMouseMove -point (579,92) 
dicmdCanvasMouseMove -point (575,92) 
dicmdCanvasMouseMove -point (569,91) 
dicmdCanvasMouseMove -point (563,91) 
dicmdCanvasMouseMove -point (558,91) 
dicmdCanvasMouseMove -point (555,91) 
dicmdCanvasMouseMove -point (553,91) 
dicmdCanvasMouseMove -point (552,91) 
dicmdCanvasMouseMove -point (551,91) 
dicmdCanvasMouseMove -point (551,90) 
dicmdCanvasMouseMove -point (551,89) 
dicmdCanvasMouseClick -point (551,89) 
dicmdCanvasMouseMove -point (551,88) 
#o --> Out: dicmdCreateObjPolygon -points {(358,117);(546,146);(498,215);(485,115);(449,202);(445,122);(401,201);(401,104);(363,186);(363,96);(412,96);(551,89);(551,88)} 
dicmdCanvasMouseDblClick -point (551,88) 
dicmdCanvasMouseMove -point (551,87) 
dicmdCanvasMouseMove -point (551,86) 
dicmdCanvasMouseMove -point (554,86) 
dicmdCanvasMouseMove -point (559,85) 
dicmdCanvasMouseMove -point (570,85) 
dicmdCanvasMouseMove -point (587,85) 
dicmdCanvasMouseMove -point (608,85) 
dicmdCanvasMouseMove -point (629,85) 
dicmdCanvasMouseMove -point (645,85) 
dicmdCanvasMouseMove -point (655,85) 
dicmdCanvasMouseMove -point (662,86) 
dicmdCanvasMouseMove -point (667,86) 
dicmdCanvasMouseMove -point (669,86) 
dicmdCanvasMouseMove -point (670,87) 
dicmdCanvasMouseMove -point (671,87) 
dicmdCanvasMouseMove -point (672,87) 
dicmdCanvasMouseClick -point (672,87) 
dicmdCanvasMouseMove -point (672,88) 
dicmdCanvasMouseMove -point (672,89) 
dicmdCanvasMouseMove -point (673,92) 
dicmdCanvasMouseMove -point (674,94) 
dicmdCanvasMouseMove -point (677,99) 
dicmdCanvasMouseMove -point (682,106) 
dicmdCanvasMouseMove -point (691,116) 
dicmdCanvasMouseMove -point (701,128) 
dicmdCanvasMouseMove -point (710,139) 
dicmdCanvasMouseMove -point (718,146) 
dicmdCanvasMouseMove -point (726,151) 
dicmdCanvasMouseMove -point (732,154) 
dicmdCanvasMouseMove -point (736,157) 
dicmdCanvasMouseMove -point (738,157) 
dicmdCanvasMouseMove -point (739,158) 
dicmdCanvasMouseMove -point (740,159) 
dicmdCanvasMouseMove -point (741,159) 
dicmdCanvasMouseClick -point (741,159) 
dicmdCanvasMouseMove -point (739,159) 
dicmdCanvasMouseMove -point (735,159) 
dicmdCanvasMouseMove -point (731,159) 
dicmdCanvasMouseMove -point (728,161) 
dicmdCanvasMouseMove -point (725,163) 
dicmdCanvasMouseMove -point (723,164) 
dicmdCanvasMouseMove -point (721,165) 
dicmdCanvasMouseMove -point (719,166) 
dicmdCanvasMouseMove -point (717,167) 
dicmdCanvasMouseMove -point (716,168) 
dicmdCanvasMouseMove -point (714,168) 
dicmdCanvasMouseMove -point (713,169) 
dicmdCanvasMouseMove -point (712,169) 
dicmdCanvasMouseMove -point (711,169) 
dicmdCanvasMouseMove -point (710,169) 
dicmdCanvasMouseClick -point (710,169) 
dicmdCanvasMouseMove -point (709,169) 
dicmdCanvasMouseMove -point (709,167) 
dicmdCanvasMouseMove -point (708,164) 
dicmdCanvasMouseMove -point (708,162) 
dicmdCanvasMouseMove -point (707,160) 
dicmdCanvasMouseMove -point (705,157) 
dicmdCanvasMouseMove -point (703,154) 
dicmdCanvasMouseMove -point (701,151) 
dicmdCanvasMouseMove -point (698,147) 
dicmdCanvasMouseMove -point (697,146) 
dicmdCanvasMouseMove -point (696,144) 
dicmdCanvasMouseMove -point (694,144) 
dicmdCanvasMouseMove -point (692,143) 
dicmdCanvasMouseMove -point (690,143) 
dicmdCanvasMouseMove -point (688,143) 
dicmdCanvasMouseMove -point (686,143) 
dicmdCanvasMouseMove -point (684,143) 
dicmdCanvasMouseMove -point (682,143) 
dicmdCanvasMouseMove -point (681,143) 
dicmdCanvasMouseMove -point (680,143) 
dicmdCanvasMouseMove -point (680,142) 
dicmdCanvasMouseClick -point (680,142) 
dicmdCanvasMouseMove -point (679,141) 
dicmdCanvasMouseMove -point (678,141) 
dicmdCanvasMouseMove -point (676,141) 
dicmdCanvasMouseMove -point (674,141) 
dicmdCanvasMouseMove -point (673,141) 
dicmdCanvasMouseMove -point (672,143) 
dicmdCanvasMouseMove -point (671,145) 
dicmdCanvasMouseMove -point (671,147) 
dicmdCanvasMouseMove -point (671,148) 
dicmdCanvasMouseMove -point (671,149) 
dicmdCanvasMouseMove -point (671,150) 
dicmdCanvasMouseMove -point (671,151) 
dicmdCanvasMouseClick -point (671,151) 
dicmdCanvasMouseMove -point (671,152) 
dicmdCanvasMouseMove -point (671,153) 
dicmdCanvasMouseMove -point (669,153) 
dicmdCanvasMouseMove -point (668,154) 
dicmdCanvasMouseMove -point (666,155) 
dicmdCanvasMouseMove -point (665,156) 
dicmdCanvasMouseMove -point (664,156) 
dicmdCanvasMouseMove -point (663,157) 
dicmdCanvasMouseMove -point (662,157) 
dicmdCanvasMouseMove -point (661,157) 
dicmdCanvasMouseMove -point (660,157) 
dicmdCanvasMouseClick -point (660,157) 
dicmdCanvasMouseMove -point (659,157) 
dicmdCanvasMouseMove -point (658,157) 
dicmdCanvasMouseMove -point (656,157) 
dicmdCanvasMouseMove -point (654,157) 
dicmdCanvasMouseMove -point (653,156) 
dicmdCanvasMouseMove -point (651,155) 
dicmdCanvasMouseMove -point (650,154) 
dicmdCanvasMouseMove -point (650,153) 
dicmdCanvasMouseMove -point (649,152) 
dicmdCanvasMouseMove -point (647,152) 
dicmdCanvasMouseMove -point (647,151) 
dicmdCanvasMouseMove -point (646,150) 
dicmdCanvasMouseMove -point (645,149) 
dicmdCanvasMouseMove -point (645,148) 
dicmdCanvasMouseMove -point (645,147) 
dicmdCanvasMouseMove -point (644,146) 
dicmdCanvasMouseMove -point (644,145) 
dicmdCanvasMouseClick -point (644,145) 
dicmdCanvasMouseMove -point (643,145) 
dicmdCanvasMouseMove -point (643,144) 
dicmdCanvasMouseMove -point (643,143) 
dicmdCanvasMouseMove -point (643,142) 
dicmdCanvasMouseMove -point (642,141) 
dicmdCanvasMouseMove -point (642,140) 
dicmdCanvasMouseMove -point (642,138) 
dicmdCanvasMouseMove -point (642,136) 
dicmdCanvasMouseMove -point (641,135) 
dicmdCanvasMouseMove -point (641,134) 
dicmdCanvasMouseMove -point (641,133) 
dicmdCanvasMouseMove -point (641,132) 
dicmdCanvasMouseMove -point (640,131) 
dicmdCanvasMouseMove -point (640,129) 
dicmdCanvasMouseMove -point (640,128) 
dicmdCanvasMouseMove -point (639,127) 
dicmdCanvasMouseMove -point (639,126) 
dicmdCanvasMouseMove -point (638,125) 
dicmdCanvasMouseMove -point (638,124) 
dicmdCanvasMouseMove -point (638,123) 
dicmdCanvasMouseClick -point (638,123) 
dicmdCanvasMouseMove -point (637,122) 
dicmdCanvasMouseMove -point (637,120) 
dicmdCanvasMouseMove -point (636,119) 
dicmdCanvasMouseMove -point (634,117) 
dicmdCanvasMouseMove -point (633,115) 
dicmdCanvasMouseMove -point (632,113) 
dicmdCanvasMouseMove -point (631,112) 
dicmdCanvasMouseMove -point (631,111) 
dicmdCanvasMouseMove -point (630,110) 
dicmdCanvasMouseMove -point (629,110) 
dicmdCanvasMouseMove -point (629,109) 
dicmdCanvasMouseMove -point (629,108) 
dicmdCanvasMouseMove -point (628,107) 
dicmdCanvasMouseClick -point (628,107) 
dicmdCanvasMouseMove -point (628,106) 
dicmdCanvasMouseMove -point (627,105) 
dicmdCanvasMouseMove -point (626,105) 
dicmdCanvasMouseMove -point (625,105) 
dicmdCanvasMouseMove -point (623,104) 
dicmdCanvasMouseMove -point (621,103) 
dicmdCanvasMouseMove -point (620,103) 
dicmdCanvasMouseMove -point (618,102) 
dicmdCanvasMouseMove -point (617,102) 
dicmdCanvasMouseMove -point (616,102) 
dicmdCanvasMouseMove -point (614,102) 
dicmdCanvasMouseMove -point (613,102) 
dicmdCanvasMouseMove -point (613,101) 
dicmdCanvasMouseMove -point (612,101) 
dicmdCanvasMouseMove -point (611,101) 
dicmdCanvasMouseClick -point (611,101) 
dicmdCanvasMouseMove -point (611,100) 
dicmdCanvasMouseMove -point (611,99) 
dicmdCanvasMouseMove -point (611,98) 
dicmdCanvasMouseMove -point (611,97) 
dicmdCanvasMouseMove -point (611,96) 
dicmdCanvasMouseMove -point (611,95) 
dicmdCanvasMouseMove -point (611,94) 
dicmdCanvasMouseMove -point (610,92) 
dicmdCanvasMouseMove -point (610,91) 
dicmdCanvasMouseMove -point (610,90) 
dicmdCanvasMouseMove -point (610,88) 
dicmdCanvasMouseMove -point (610,87) 
dicmdCanvasMouseMove -point (610,86) 
dicmdCanvasMouseMove -point (610,85) 
dicmdCanvasMouseMove -point (610,84) 
dicmdCanvasMouseClick -point (610,84) 
dicmdCanvasMouseMove -point (610,83) 
dicmdCanvasMouseMove -point (610,82) 
dicmdCanvasMouseMove -point (610,81) 
dicmdCanvasMouseMove -point (610,80) 
dicmdCanvasMouseMove -point (610,79) 
dicmdCanvasMouseMove -point (610,78) 
dicmdCanvasMouseMove -point (610,77) 
dicmdCanvasMouseMove -point (610,76) 
dicmdCanvasMouseMove -point (611,76) 
dicmdCanvasMouseMove -point (611,75) 
dicmdCanvasMouseMove -point (611,74) 
dicmdCanvasMouseMove -point (612,74) 
dicmdCanvasMouseMove -point (612,73) 
dicmdCanvasMouseMove -point (613,73) 
dicmdCanvasMouseMove -point (613,72) 
dicmdCanvasMouseMove -point (614,71) 
dicmdCanvasMouseClick -point (614,71) 
dicmdCanvasMouseMove -point (615,71) 
dicmdCanvasMouseMove -point (616,71) 
dicmdCanvasMouseMove -point (617,71) 
dicmdCanvasMouseMove -point (618,71) 
dicmdCanvasMouseMove -point (620,70) 
dicmdCanvasMouseMove -point (621,70) 
dicmdCanvasMouseMove -point (622,69) 
dicmdCanvasMouseMove -point (624,68) 
dicmdCanvasMouseMove -point (625,68) 
dicmdCanvasMouseMove -point (626,67) 
dicmdCanvasMouseMove -point (628,67) 
dicmdCanvasMouseMove -point (629,66) 
dicmdCanvasMouseMove -point (630,66) 
dicmdCanvasMouseClick -point (630,66) 
dicmdCanvasMouseMove -point (631,66) 
dicmdCanvasMouseMove -point (632,65) 
dicmdCanvasMouseMove -point (633,65) 
dicmdCanvasMouseMove -point (634,65) 
dicmdCanvasMouseMove -point (635,65) 
dicmdCanvasMouseMove -point (636,65) 
dicmdCanvasMouseMove -point (637,65) 
dicmdCanvasMouseMove -point (638,65) 
dicmdCanvasMouseMove -point (639,65) 
dicmdCanvasMouseClick -point (639,65) 
dicmdCanvasMouseMove -point (640,65) 
dicmdCanvasMouseMove -point (640,66) 
dicmdCanvasMouseMove -point (640,67) 
dicmdCanvasMouseMove -point (641,68) 
dicmdCanvasMouseMove -point (641,70) 
dicmdCanvasMouseMove -point (641,73) 
dicmdCanvasMouseMove -point (642,75) 
dicmdCanvasMouseMove -point (642,77) 
dicmdCanvasMouseClick -point (642,77) 
dicmdCanvasMouseMove -point (642,79) 
dicmdCanvasMouseMove -point (643,80) 
dicmdCanvasMouseMove -point (643,81) 
dicmdCanvasMouseMove -point (643,82) 
dicmdCanvasMouseMove -point (643,83) 
dicmdCanvasMouseMove -point (643,84) 
dicmdCanvasMouseMove -point (643,86) 
dicmdCanvasMouseMove -point (643,87) 
dicmdCanvasMouseMove -point (643,88) 
dicmdCanvasMouseMove -point (644,88) 
dicmdCanvasMouseMove -point (644,89) 
dicmdCanvasMouseMove -point (644,90) 
dicmdCanvasMouseMove -point (645,91) 
dicmdCanvasMouseMove -point (646,91) 
dicmdCanvasMouseClick -point (646,91) 
#o --> Out: dicmdCreateObjPolygon -points {(672,87);(741,159);(710,169);(680,142);(671,151);(660,157);(644,145);(638,123);(628,107);(611,101);(610,84);(614,71);(630,66);(639,65);(642,77);(646,91);(646,91)} 
dicmdCanvasMouseDblClick -point (646,91) 
dicmdCanvasMouseMove -point (647,91) 
dicmdCanvasMouseMove -point (648,91) 
dicmdCanvasMouseMove -point (654,91) 
dicmdCanvasMouseMove -point (671,91) 
dicmdCanvasMouseMove -point (705,96) 
dicmdCanvasMouseMove -point (753,106) 
dicmdCanvasMouseMove -point (784,112) 
dicmdCanvasMouseMove -point (802,117) 
dicmdCanvasMouseMove -point (815,120) 
dicmdCanvasMouseMove -point (827,122) 
dicmdCanvasMouseMove -point (837,125) 
dicmdCanvasMouseMove -point (848,129) 
dicmdCanvasMouseMove -point (863,133) 
dicmdCanvasMouseMove -point (882,139) 
dicmdCanvasMouseMove -point (900,145) 
dicmdCanvasMouseMove -point (913,153) 
dicmdCanvasMouseMove -point (923,156) 
dicmdCanvasMouseMove -point (928,157) 
dicmdCanvasMouseMove -point (931,158) 
dicmdCanvasMouseMove -point (935,164) 
dicmdCanvasMouseClick -point (935,164) 
dicmdCanvasMouseMove -point (935,165) 
dicmdCanvasMouseMove -point (935,167) 
dicmdCanvasMouseMove -point (935,171) 
dicmdCanvasMouseMove -point (935,176) 
dicmdCanvasMouseMove -point (935,185) 
dicmdCanvasMouseMove -point (935,199) 
dicmdCanvasMouseMove -point (935,211) 
dicmdCanvasMouseMove -point (935,221) 
dicmdCanvasMouseMove -point (935,230) 
dicmdCanvasMouseMove -point (935,240) 
dicmdCanvasMouseMove -point (935,245) 
dicmdCanvasMouseMove -point (935,248) 
dicmdCanvasMouseMove -point (936,248) 
dicmdCanvasMouseMove -point (936,249) 
dicmdCanvasMouseMove -point (937,250) 
dicmdCanvasMouseMove -point (937,251) 
dicmdCanvasMouseMove -point (938,251) 
dicmdCanvasMouseMove -point (938,252) 
dicmdCanvasMouseMove -point (939,253) 
dicmdCanvasMouseMove -point (939,254) 
dicmdCanvasMouseClick -point (939,254) 
dicmdCanvasMouseMove -point (938,254) 
dicmdCanvasMouseMove -point (933,254) 
dicmdCanvasMouseMove -point (921,257) 
dicmdCanvasMouseMove -point (902,265) 
dicmdCanvasMouseMove -point (878,273) 
dicmdCanvasMouseMove -point (863,278) 
dicmdCanvasMouseMove -point (852,281) 
dicmdCanvasMouseMove -point (846,284) 
dicmdCanvasMouseMove -point (841,285) 
dicmdCanvasMouseMove -point (837,286) 
dicmdCanvasMouseMove -point (834,286) 
dicmdCanvasMouseMove -point (833,286) 
dicmdCanvasMouseMove -point (831,286) 
dicmdCanvasMouseMove -point (830,286) 
dicmdCanvasMouseClick -point (830,286) 
dicmdCanvasMouseMove -point (830,284) 
dicmdCanvasMouseMove -point (830,283) 
dicmdCanvasMouseMove -point (830,280) 
dicmdCanvasMouseMove -point (830,278) 
dicmdCanvasMouseMove -point (832,273) 
dicmdCanvasMouseMove -point (834,269) 
dicmdCanvasMouseMove -point (837,265) 
dicmdCanvasMouseMove -point (840,261) 
dicmdCanvasMouseMove -point (843,258) 
dicmdCanvasMouseMove -point (845,255) 
dicmdCanvasMouseMove -point (847,253) 
dicmdCanvasMouseMove -point (849,252) 
dicmdCanvasMouseMove -point (851,250) 
dicmdCanvasMouseMove -point (853,249) 
dicmdCanvasMouseMove -point (854,248) 
dicmdCanvasMouseMove -point (856,248) 
dicmdCanvasMouseMove -point (857,247) 
dicmdCanvasMouseMove -point (859,247) 
dicmdCanvasMouseMove -point (860,247) 
dicmdCanvasMouseMove -point (861,247) 
dicmdCanvasMouseMove -point (862,247) 
dicmdCanvasMouseMove -point (863,247) 
dicmdCanvasMouseClick -point (863,247) 
dicmdCanvasMouseMove -point (864,247) 
dicmdCanvasMouseMove -point (859,247) 
dicmdCanvasMouseMove -point (849,247) 
dicmdCanvasMouseMove -point (830,247) 
dicmdCanvasMouseMove -point (811,247) 
dicmdCanvasMouseMove -point (797,247) 
dicmdCanvasMouseMove -point (784,249) 
dicmdCanvasMouseMove -point (770,249) 
dicmdCanvasMouseMove -point (754,251) 
dicmdCanvasMouseMove -point (744,252) 
dicmdCanvasMouseMove -point (739,253) 
dicmdCanvasMouseMove -point (735,253) 
dicmdCanvasMouseMove -point (733,253) 
dicmdCanvasMouseMove -point (732,253) 
dicmdCanvasMouseMove -point (731,253) 
dicmdCanvasMouseClick -point (731,253) 
dicmdCanvasMouseMove -point (731,252) 
dicmdCanvasMouseMove -point (733,251) 
dicmdCanvasMouseMove -point (738,249) 
dicmdCanvasMouseMove -point (745,247) 
dicmdCanvasMouseMove -point (757,243) 
dicmdCanvasMouseMove -point (774,239) 
dicmdCanvasMouseMove -point (792,235) 
dicmdCanvasMouseMove -point (805,232) 
dicmdCanvasMouseMove -point (815,231) 
dicmdCanvasMouseMove -point (823,230) 
dicmdCanvasMouseMove -point (829,229) 
dicmdCanvasMouseMove -point (832,229) 
dicmdCanvasMouseMove -point (834,229) 
dicmdCanvasMouseMove -point (836,229) 
dicmdCanvasMouseMove -point (838,229) 
dicmdCanvasMouseMove -point (840,229) 
dicmdCanvasMouseMove -point (842,229) 
dicmdCanvasMouseMove -point (843,229) 
dicmdCanvasMouseMove -point (844,229) 
dicmdCanvasMouseMove -point (845,229) 
dicmdCanvasMouseMove -point (846,229) 
dicmdCanvasMouseMove -point (847,229) 
dicmdCanvasMouseClick -point (847,229) 
dicmdCanvasMouseMove -point (847,228) 
dicmdCanvasMouseMove -point (846,226) 
dicmdCanvasMouseMove -point (842,224) 
dicmdCanvasMouseMove -point (838,222) 
dicmdCanvasMouseMove -point (835,219) 
dicmdCanvasMouseMove -point (834,217) 
dicmdCanvasMouseMove -point (831,213) 
dicmdCanvasMouseMove -point (828,209) 
dicmdCanvasMouseMove -point (826,206) 
dicmdCanvasMouseMove -point (824,202) 
dicmdCanvasMouseMove -point (822,198) 
dicmdCanvasMouseMove -point (821,193) 
dicmdCanvasMouseMove -point (820,189) 
dicmdCanvasMouseMove -point (819,185) 
dicmdCanvasMouseMove -point (819,181) 
dicmdCanvasMouseMove -point (818,178) 
dicmdCanvasMouseMove -point (817,176) 
dicmdCanvasMouseMove -point (816,174) 
dicmdCanvasMouseMove -point (814,173) 
dicmdCanvasMouseMove -point (814,172) 
dicmdCanvasMouseClick -point (814,172) 
dicmdCanvasMouseMove -point (815,172) 
dicmdCanvasMouseMove -point (817,172) 
dicmdCanvasMouseMove -point (822,172) 
dicmdCanvasMouseMove -point (836,174) 
dicmdCanvasMouseMove -point (855,179) 
dicmdCanvasMouseMove -point (882,188) 
dicmdCanvasMouseMove -point (904,195) 
dicmdCanvasMouseMove -point (919,201) 
dicmdCanvasMouseMove -point (930,206) 
dicmdCanvasMouseMove -point (940,208) 
dicmdCanvasMouseMove -point (946,208) 
dicmdCanvasMouseMove -point (949,209) 
dicmdCanvasMouseMove -point (951,209) 
dicmdCanvasMouseMove -point (952,210) 
dicmdCanvasMouseMove -point (953,210) 
dicmdCanvasMouseClick -point (953,210) 
dicmdCanvasMouseMove -point (950,207) 
dicmdCanvasMouseMove -point (947,203) 
dicmdCanvasMouseMove -point (941,195) 
dicmdCanvasMouseMove -point (935,187) 
dicmdCanvasMouseMove -point (929,178) 
dicmdCanvasMouseMove -point (924,169) 
dicmdCanvasMouseMove -point (918,160) 
dicmdCanvasMouseMove -point (913,152) 
dicmdCanvasMouseMove -point (910,147) 
dicmdCanvasMouseMove -point (907,143) 
dicmdCanvasMouseMove -point (905,140) 
dicmdCanvasMouseMove -point (904,139) 
dicmdCanvasMouseMove -point (903,138) 
dicmdCanvasMouseMove -point (903,137) 
dicmdCanvasMouseClick -point (903,137) 
dicmdCanvasMouseMove -point (903,140) 
dicmdCanvasMouseMove -point (904,143) 
dicmdCanvasMouseMove -point (911,149) 
dicmdCanvasMouseMove -point (922,156) 
dicmdCanvasMouseMove -point (939,165) 
dicmdCanvasMouseMove -point (957,173) 
dicmdCanvasMouseMove -point (973,180) 
dicmdCanvasMouseMove -point (988,187) 
dicmdCanvasMouseMove -point (998,192) 
dicmdCanvasMouseMove -point (1004,194) 
dicmdCanvasMouseMove -point (1008,196) 
dicmdCanvasMouseMove -point (1011,198) 
dicmdCanvasMouseMove -point (1013,199) 
dicmdCanvasMouseMove -point (1015,200) 
dicmdCanvasMouseMove -point (1016,200) 
dicmdCanvasMouseClick -point (1016,200) 
dicmdCanvasMouseMove -point (1012,201) 
dicmdCanvasMouseMove -point (1007,202) 
dicmdCanvasMouseMove -point (998,204) 
dicmdCanvasMouseMove -point (983,210) 
dicmdCanvasMouseMove -point (960,219) 
dicmdCanvasMouseMove -point (936,227) 
dicmdCanvasMouseMove -point (918,232) 
dicmdCanvasMouseMove -point (905,235) 
dicmdCanvasMouseMove -point (894,238) 
dicmdCanvasMouseMove -point (888,239) 
dicmdCanvasMouseMove -point (883,240) 
dicmdCanvasMouseMove -point (881,240) 
dicmdCanvasMouseMove -point (880,240) 
dicmdCanvasMouseMove -point (879,240) 
dicmdCanvasMouseClick -point (879,240) 
dicmdCanvasMouseMove -point (881,240) 
dicmdCanvasMouseMove -point (886,238) 
dicmdCanvasMouseMove -point (896,238) 
dicmdCanvasMouseMove -point (908,238) 
dicmdCanvasMouseMove -point (926,238) 
dicmdCanvasMouseMove -point (944,238) 
dicmdCanvasMouseMove -point (960,238) 
dicmdCanvasMouseMove -point (973,238) 
dicmdCanvasMouseMove -point (985,238) 
dicmdCanvasMouseMove -point (995,240) 
dicmdCanvasMouseMove -point (1003,241) 
dicmdCanvasMouseMove -point (1009,242) 
dicmdCanvasMouseMove -point (1013,243) 
dicmdCanvasMouseMove -point (1015,244) 
dicmdCanvasMouseMove -point (1016,244) 
dicmdCanvasMouseMove -point (1016,245) 
dicmdCanvasMouseClick -point (1016,245) 
dicmdCanvasMouseMove -point (1016,246) 
dicmdCanvasMouseMove -point (1013,246) 
dicmdCanvasMouseMove -point (1008,246) 
dicmdCanvasMouseMove -point (995,246) 
dicmdCanvasMouseMove -point (965,248) 
dicmdCanvasMouseMove -point (935,249) 
dicmdCanvasMouseMove -point (919,249) 
dicmdCanvasMouseMove -point (911,249) 
dicmdCanvasMouseMove -point (907,249) 
dicmdCanvasMouseMove -point (906,249) 
dicmdCanvasMouseMove -point (905,249) 
dicmdCanvasMouseMove -point (904,249) 
dicmdCanvasMouseMove -point (904,250) 
dicmdCanvasMouseClick -point (904,250) 
dicmdCanvasMouseMove -point (905,250) 
dicmdCanvasMouseMove -point (908,250) 
dicmdCanvasMouseMove -point (913,250) 
dicmdCanvasMouseMove -point (921,250) 
dicmdCanvasMouseMove -point (935,253) 
dicmdCanvasMouseMove -point (952,258) 
dicmdCanvasMouseMove -point (972,266) 
dicmdCanvasMouseMove -point (988,273) 
dicmdCanvasMouseMove -point (1002,279) 
dicmdCanvasMouseMove -point (1013,283) 
dicmdCanvasMouseMove -point (1023,287) 
dicmdCanvasMouseMove -point (1031,290) 
dicmdCanvasMouseMove -point (1039,292) 
dicmdCanvasMouseMove -point (1044,295) 
dicmdCanvasMouseMove -point (1047,296) 
dicmdCanvasMouseMove -point (1049,297) 
dicmdCanvasMouseMove -point (1050,297) 
dicmdCanvasMouseMove -point (1051,297) 
dicmdCanvasMouseClick -point (1051,297) 
dicmdCanvasMouseMove -point (1051,296) 
dicmdCanvasMouseMove -point (1051,292) 
dicmdCanvasMouseMove -point (1050,286) 
dicmdCanvasMouseMove -point (1048,274) 
dicmdCanvasMouseMove -point (1047,250) 
dicmdCanvasMouseMove -point (1047,209) 
dicmdCanvasMouseMove -point (1047,176) 
dicmdCanvasMouseMove -point (1050,150) 
dicmdCanvasMouseMove -point (1056,131) 
dicmdCanvasMouseMove -point (1060,119) 
dicmdCanvasMouseMove -point (1062,114) 
dicmdCanvasMouseMove -point (1062,112) 
dicmdCanvasMouseMove -point (1063,111) 
dicmdCanvasMouseMove -point (1063,110) 
dicmdCanvasMouseMove -point (1063,109) 
dicmdCanvasMouseClick -point (1063,109) 
dicmdCanvasMouseMove -point (1064,109) 
dicmdCanvasMouseMove -point (1064,110) 
dicmdCanvasMouseMove -point (1064,111) 
dicmdCanvasMouseMove -point (1064,112) 
dicmdCanvasMouseMove -point (1064,113) 
dicmdCanvasMouseMove -point (1064,114) 
#o --> Out: dicmdCreateObjPolygon -points {(935,164);(939,254);(830,286);(863,247);(731,253);(847,229);(814,172);(953,210);(903,137);(1016,200);(879,240);(1016,245);(904,250);(1051,297);(1063,109);(1064,114)} 
dicmdCanvasMouseDblClick -point (1064,114) 
dicmdCanvasMouseMove -point (1064,115) 
dicmdCanvasMouseMove -point (1064,116) 
dicmdCanvasMouseMove -point (1063,117) 
dicmdCanvasMouseMove -point (1060,117) 
dicmdCanvasMouseMove -point (1055,117) 
dicmdCanvasMouseMove -point (1044,117) 
dicmdCanvasMouseMove -point (1018,117) 
dicmdCanvasMouseMove -point (987,117) 
dicmdCanvasMouseMove -point (966,117) 
dicmdCanvasMouseMove -point (951,117) 
dicmdCanvasMouseMove -point (945,117) 
dicmdCanvasMouseMove -point (942,117) 
dicmdCanvasMouseMove -point (940,117) 
dicmdCanvasMouseMove -point (939,117) 
dicmdCanvasMouseMove -point (938,117) 
dicmdCanvasMouseMove -point (937,117) 
dicmdCanvasMouseMove -point (936,117) 
dicmdCanvasMouseMove -point (934,117) 
dicmdCanvasMouseMove -point (931,117) 
dicmdCanvasMouseMove -point (927,117) 
dicmdCanvasMouseMove -point (922,117) 
dicmdCanvasMouseMove -point (917,117) 
dicmdCanvasMouseMove -point (913,117) 
dicmdCanvasMouseMove -point (911,117) 
dicmdCanvasMouseMove -point (909,117) 
dicmdCanvasMouseMove -point (908,117) 
dicmdCanvasMouseMove -point (907,117) 
dicmdCanvasMouseClick -point (907,117) 
#o --> Out: dicmdCreateObjPolygon -points {(907,117);(907,117)} 
dicmdCanvasMouseDblClick -point (907,117) 
dicmdCanvasMouseMove -point (904,117) 
dicmdCanvasMouseMove -point (887,120) 
dicmdCanvasMouseMove -point (848,124) 
dicmdCanvasMouseMove -point (809,124) 
dicmdCanvasMouseMove -point (775,128) 
dicmdCanvasMouseMove -point (751,132) 
dicmdCanvasMouseMove -point (735,134) 
dicmdCanvasMouseMove -point (723,135) 
dicmdCanvasMouseMove -point (718,137) 
dicmdCanvasMouseMove -point (716,137) 
dicmdCanvasMouseMove -point (715,137) 
dicmdCanvasMouseMove -point (714,137) 
dicmdCanvasMouseClick -point (714,137) 
dicmdCanvasMouseMove -point (716,137) 
dicmdCanvasMouseMove -point (718,138) 
dicmdCanvasMouseMove -point (721,139) 
dicmdCanvasMouseMove -point (725,141) 
dicmdCanvasMouseMove -point (729,144) 
dicmdCanvasMouseMove -point (737,148) 
dicmdCanvasMouseMove -point (746,151) 
dicmdCanvasMouseMove -point (758,154) 
dicmdCanvasMouseMove -point (770,155) 
dicmdCanvasMouseMove -point (779,156) 
dicmdCanvasMouseMove -point (787,158) 
dicmdCanvasMouseMove -point (793,159) 
dicmdCanvasMouseMove -point (796,159) 
dicmdCanvasMouseMove -point (797,159) 
dicmdCanvasMouseMove -point (798,159) 
dicmdCanvasMouseMove -point (799,159) 
dicmdCanvasMouseMove -point (799,157) 
dicmdCanvasMouseClick -point (799,157) 
dicmdCanvasMouseMove -point (799,153) 
dicmdCanvasMouseMove -point (795,144) 
dicmdCanvasMouseMove -point (791,135) 
dicmdCanvasMouseMove -point (789,126) 
dicmdCanvasMouseMove -point (787,117) 
dicmdCanvasMouseMove -point (785,106) 
dicmdCanvasMouseMove -point (783,96) 
dicmdCanvasMouseMove -point (781,87) 
dicmdCanvasMouseMove -point (780,81) 
dicmdCanvasMouseMove -point (780,77) 
dicmdCanvasMouseMove -point (780,74) 
dicmdCanvasMouseMove -point (780,72) 
dicmdCanvasMouseMove -point (780,70) 
dicmdCanvasMouseMove -point (780,69) 
dicmdCanvasMouseMove -point (780,68) 
dicmdCanvasMouseMove -point (780,67) 
dicmdCanvasMouseMove -point (780,66) 
dicmdCanvasMouseMove -point (780,65) 
dicmdCanvasMouseClick -point (780,65) 
dicmdCanvasMouseMove -point (778,68) 
dicmdCanvasMouseMove -point (776,73) 
dicmdCanvasMouseMove -point (769,85) 
dicmdCanvasMouseMove -point (755,111) 
dicmdCanvasMouseMove -point (734,143) 
dicmdCanvasMouseMove -point (717,174) 
dicmdCanvasMouseMove -point (706,193) 
dicmdCanvasMouseMove -point (701,201) 
dicmdCanvasMouseMove -point (699,205) 
dicmdCanvasMouseMove -point (699,208) 
dicmdCanvasMouseMove -point (699,209) 
dicmdCanvasMouseMove -point (698,210) 
dicmdCanvasMouseMove -point (698,212) 
dicmdCanvasMouseMove -point (698,214) 
dicmdCanvasMouseMove -point (698,216) 
dicmdCanvasMouseMove -point (698,218) 
dicmdCanvasMouseMove -point (698,219) 
dicmdCanvasMouseMove -point (697,220) 
dicmdCanvasMouseMove -point (697,221) 
dicmdCanvasMouseMove -point (697,222) 
dicmdCanvasMouseMove -point (696,222) 
dicmdCanvasMouseClick -point (696,222) 
dicmdCanvasMouseMove -point (696,220) 
dicmdCanvasMouseMove -point (696,217) 
dicmdCanvasMouseMove -point (697,213) 
dicmdCanvasMouseMove -point (702,204) 
dicmdCanvasMouseMove -point (718,181) 
dicmdCanvasMouseMove -point (739,157) 
dicmdCanvasMouseMove -point (760,135) 
dicmdCanvasMouseMove -point (772,123) 
dicmdCanvasMouseMove -point (781,114) 
dicmdCanvasMouseMove -point (786,110) 
dicmdCanvasMouseMove -point (792,106) 
dicmdCanvasMouseMove -point (798,102) 
dicmdCanvasMouseMove -point (803,100) 
dicmdCanvasMouseMove -point (808,97) 
dicmdCanvasMouseMove -point (810,95) 
dicmdCanvasMouseMove -point (812,94) 
dicmdCanvasMouseMove -point (813,93) 
dicmdCanvasMouseMove -point (814,92) 
dicmdCanvasMouseMove -point (815,92) 
dicmdCanvasMouseClick -point (815,92) 
dicmdCanvasMouseMove -point (815,96) 
dicmdCanvasMouseMove -point (815,105) 
dicmdCanvasMouseMove -point (810,127) 
dicmdCanvasMouseMove -point (803,159) 
dicmdCanvasMouseMove -point (793,193) 
dicmdCanvasMouseMove -point (782,228) 
dicmdCanvasMouseMove -point (772,259) 
dicmdCanvasMouseMove -point (764,281) 
dicmdCanvasMouseMove -point (759,304) 
dicmdCanvasMouseMove -point (755,316) 
dicmdCanvasMouseMove -point (754,321) 
dicmdCanvasMouseMove -point (753,323) 
dicmdCanvasMouseMove -point (753,324) 
dicmdCanvasMouseMove -point (752,324) 
dicmdCanvasMouseMove -point (751,324) 
dicmdCanvasMouseMove -point (750,324) 
dicmdCanvasMouseClick -point (750,324) 
dicmdCanvasMouseMove -point (746,324) 
dicmdCanvasMouseMove -point (740,321) 
dicmdCanvasMouseMove -point (729,316) 
dicmdCanvasMouseMove -point (707,307) 
dicmdCanvasMouseMove -point (682,299) 
dicmdCanvasMouseMove -point (663,295) 
dicmdCanvasMouseMove -point (647,291) 
dicmdCanvasMouseMove -point (633,289) 
dicmdCanvasMouseMove -point (620,288) 
dicmdCanvasMouseMove -point (612,286) 
dicmdCanvasMouseMove -point (602,285) 
dicmdCanvasMouseMove -point (597,283) 
dicmdCanvasMouseMove -point (594,283) 
dicmdCanvasMouseMove -point (593,283) 
dicmdCanvasMouseMove -point (592,283) 
dicmdCanvasMouseMove -point (591,283) 
dicmdCanvasMouseMove -point (590,283) 
dicmdCanvasMouseMove -point (590,282) 
dicmdCanvasMouseMove -point (590,281) 
dicmdCanvasMouseMove -point (590,280) 
dicmdCanvasMouseClick -point (590,280) 
dicmdCanvasMouseMove -point (590,279) 
dicmdCanvasMouseMove -point (588,279) 
dicmdCanvasMouseMove -point (582,279) 
dicmdCanvasMouseMove -point (556,279) 
dicmdCanvasMouseMove -point (522,278) 
dicmdCanvasMouseMove -point (491,277) 
dicmdCanvasMouseMove -point (469,275) 
dicmdCanvasMouseMove -point (452,271) 
dicmdCanvasMouseMove -point (442,269) 
dicmdCanvasMouseMove -point (442,270) 
dicmdCanvasMouseMove -point (439,270) 
dicmdCanvasMouseMove -point (434,271) 
dicmdCanvasMouseMove -point (423,272) 
dicmdCanvasMouseMove -point (405,274) 
dicmdCanvasMouseMove -point (387,275) 
dicmdCanvasMouseMove -point (374,275) 
dicmdCanvasMouseMove -point (366,275) 
dicmdCanvasMouseMove -point (361,275) 
dicmdCanvasMouseMove -point (360,275) 
dicmdCanvasMouseClick -point (360,275) 
#o --> Out: dicmdCreateObjPolygon -points {(714,137);(799,157);(780,65);(696,222);(815,92);(750,324);(590,280);(360,275);(360,275)} 
dicmdCanvasMouseDblClick -point (360,275) 
dicmdCanvasMouseMove -point (358,275) 
dicmdCanvasMouseMove -point (344,276) 
dicmdCanvasMouseMove -point (297,283) 
dicmdCanvasMouseMove -point (245,292) 
dicmdCanvasMouseMove -point (209,294) 
dicmdCanvasMouseMove -point (178,295) 
dicmdCanvasMouseMove -point (152,295) 
dicmdCanvasMouseMove -point (130,296) 
dicmdCanvasMouseMove -point (118,296) 
dicmdCanvasMouseMove -point (111,296) 
dicmdCanvasMouseMove -point (106,296) 
dicmdCanvasMouseMove -point (104,296) 
dicmdCanvasMouseMove -point (102,296) 
dicmdCanvasMouseMove -point (101,296) 
dicmdCanvasMouseMove -point (101,295) 
dicmdCanvasMouseMove -point (97,293) 
dicmdCanvasMouseMove -point (88,286) 
dicmdCanvasMouseMove -point (79,279) 
dicmdCanvasMouseMove -point (72,272) 
dicmdCanvasMouseMove -point (66,266) 
dicmdCanvasMouseMove -point (60,258) 
dicmdCanvasMouseMove -point (54,249) 
dicmdCanvasMouseMove -point (49,240) 
dicmdCanvasMouseMove -point (46,231) 
dicmdCanvasMouseMove -point (45,222) 
dicmdCanvasMouseMove -point (45,215) 
dicmdCanvasMouseMove -point (45,209) 
dicmdCanvasMouseMove -point (45,202) 
dicmdCanvasMouseMove -point (45,196) 
dicmdCanvasMouseMove -point (46,191) 
dicmdCanvasMouseMove -point (49,186) 
dicmdCanvasMouseMove -point (53,182) 
dicmdCanvasMouseMove -point (57,178) 
dicmdCanvasMouseMove -point (61,175) 
dicmdCanvasMouseMove -point (65,173) 
dicmdCanvasMouseMove -point (67,172) 
dicmdCanvasMouseMove -point (69,170) 
dicmdCanvasMouseMove -point (73,167) 
dicmdCanvasMouseMove -point (76,164) 
dicmdCanvasMouseMove -point (79,163) 
dicmdCanvasMouseMove -point (80,162) 
dicmdCanvasMouseMove -point (78,162) 
dicmdCanvasMouseMove -point (76,160) 
dicmdCanvasMouseMove -point (74,156) 
dicmdCanvasMouseMove -point (72,150) 
dicmdCanvasMouseMove -point (68,142) 
dicmdCanvasMouseMove -point (66,134) 
dicmdCanvasMouseMove -point (64,128) 
dicmdCanvasMouseMove -point (62,123) 
dicmdCanvasMouseMove -point (61,119) 
dicmdCanvasMouseMove -point (61,116) 
dicmdCanvasMouseMove -point (61,113) 
dicmdCanvasMouseMove -point (61,112) 
dicmdCanvasMouseMove -point (61,111) 
dicmdCanvasMouseMove -point (61,110) 
dicmdCanvasMouseMove -point (61,109) 
dicmdCanvasMouseMove -point (61,108) 
dicmdCanvasMouseMove -point (61,107) 
dicmdCanvasMouseMove -point (61,106) 
dicmdCanvasMouseMove -point (61,105) 
dicmdCanvasMouseMove -point (61,104) 
dicmdCanvasMouseMove -point (61,103) 
dicmdCanvasMouseMove -point (61,102) 
dicmdCanvasMouseMove -point (61,101) 
dicmdCanvasMouseClick -point (61,101) 
dicmdCanvasMouseMove -point (62,101) 
dicmdCanvasMouseMove -point (64,101) 
dicmdCanvasMouseMove -point (69,97) 
dicmdCanvasMouseMove -point (84,87) 
dicmdCanvasMouseMove -point (126,65) 
dicmdCanvasMouseMove -point (164,46) 
dicmdCanvasMouseMove -point (181,39) 
dicmdCanvasMouseMove -point (189,36) 
dicmdCanvasMouseMove -point (192,35) 
dicmdCanvasMouseMove -point (194,35) 
dicmdCanvasMouseMove -point (195,35) 
dicmdCanvasMouseClick -point (195,35) 
dicmdCanvasMouseMove -point (195,36) 
dicmdCanvasMouseMove -point (196,38) 
dicmdCanvasMouseMove -point (198,39) 
dicmdCanvasMouseMove -point (202,41) 
dicmdCanvasMouseMove -point (212,44) 
dicmdCanvasMouseMove -point (229,49) 
dicmdCanvasMouseMove -point (250,58) 
dicmdCanvasMouseMove -point (265,64) 
dicmdCanvasMouseMove -point (276,70) 
dicmdCanvasMouseMove -point (283,77) 
dicmdCanvasMouseMove -point (289,80) 
dicmdCanvasMouseMove -point (292,81) 
dicmdCanvasMouseMove -point (294,82) 
dicmdCanvasMouseMove -point (295,83) 
dicmdCanvasMouseMove -point (296,83) 
dicmdCanvasMouseMove -point (297,84) 
dicmdCanvasMouseMove -point (298,84) 
dicmdCanvasMouseClick -point (298,84) 
dicmdCanvasMouseMove -point (297,85) 
dicmdCanvasMouseMove -point (296,86) 
dicmdCanvasMouseMove -point (296,87) 
dicmdCanvasMouseMove -point (295,88) 
dicmdCanvasMouseMove -point (294,90) 
dicmdCanvasMouseMove -point (293,92) 
dicmdCanvasMouseMove -point (293,95) 
dicmdCanvasMouseMove -point (292,99) 
dicmdCanvasMouseMove -point (292,103) 
dicmdCanvasMouseMove -point (292,106) 
dicmdCanvasMouseMove -point (292,108) 
dicmdCanvasMouseMove -point (292,110) 
dicmdCanvasMouseMove -point (292,112) 
dicmdCanvasMouseMove -point (292,113) 
dicmdCanvasMouseMove -point (292,114) 
dicmdCanvasMouseMove -point (292,115) 
dicmdCanvasMouseMove -point (292,116) 
dicmdCanvasMouseMove -point (292,117) 
dicmdCanvasMouseMove -point (292,119) 
dicmdCanvasMouseMove -point (292,121) 
dicmdCanvasMouseMove -point (292,124) 
dicmdCanvasMouseMove -point (292,126) 
dicmdCanvasMouseMove -point (292,128) 
dicmdCanvasMouseMove -point (292,131) 
dicmdCanvasMouseMove -point (292,133) 
dicmdCanvasMouseMove -point (292,136) 
dicmdCanvasMouseMove -point (292,138) 
dicmdCanvasMouseMove -point (292,140) 
dicmdCanvasMouseMove -point (292,142) 
dicmdCanvasMouseMove -point (292,143) 
dicmdCanvasMouseMove -point (292,144) 
dicmdCanvasMouseMove -point (292,145) 
dicmdCanvasMouseMove -point (292,146) 
dicmdCanvasMouseMove -point (292,147) 
dicmdCanvasMouseClick -point (292,147) 
dicmdCanvasMouseMove -point (292,148) 
dicmdCanvasMouseMove -point (292,149) 
dicmdCanvasMouseMove -point (290,151) 
dicmdCanvasMouseMove -point (288,153) 
dicmdCanvasMouseMove -point (284,155) 
dicmdCanvasMouseMove -point (279,159) 
dicmdCanvasMouseMove -point (273,163) 
dicmdCanvasMouseMove -point (268,168) 
dicmdCanvasMouseMove -point (265,172) 
dicmdCanvasMouseMove -point (262,176) 
dicmdCanvasMouseMove -point (260,179) 
dicmdCanvasMouseMove -point (259,181) 
dicmdCanvasMouseMove -point (258,182) 
dicmdCanvasMouseMove -point (257,183) 
dicmdCanvasMouseMove -point (256,184) 
dicmdCanvasMouseMove -point (255,186) 
dicmdCanvasMouseMove -point (253,188) 
dicmdCanvasMouseClick -point (253,188) 
dicmdCanvasMouseMove -point (251,188) 
dicmdCanvasMouseMove -point (247,188) 
dicmdCanvasMouseMove -point (240,189) 
dicmdCanvasMouseMove -point (234,190) 
dicmdCanvasMouseMove -point (230,191) 
dicmdCanvasMouseMove -point (226,192) 
dicmdCanvasMouseMove -point (224,192) 
dicmdCanvasMouseMove -point (223,192) 
dicmdCanvasMouseMove -point (221,193) 
dicmdCanvasMouseMove -point (220,194) 
dicmdCanvasMouseMove -point (219,194) 
dicmdCanvasMouseMove -point (218,194) 
dicmdCanvasMouseMove -point (217,194) 
dicmdCanvasMouseMove -point (216,194) 
dicmdCanvasMouseMove -point (215,194) 
dicmdCanvasMouseMove -point (214,194) 
dicmdCanvasMouseMove -point (213,194) 
dicmdCanvasMouseMove -point (211,195) 
dicmdCanvasMouseMove -point (210,195) 
dicmdCanvasMouseMove -point (209,195) 
dicmdCanvasMouseMove -point (208,195) 
dicmdCanvasMouseMove -point (207,195) 
dicmdCanvasMouseMove -point (207,196) 
dicmdCanvasMouseClick -point (207,196) 
dicmdCanvasMouseMove -point (207,197) 
dicmdCanvasMouseMove -point (207,198) 
dicmdCanvasMouseMove -point (207,199) 
dicmdCanvasMouseMove -point (206,201) 
dicmdCanvasMouseMove -point (202,204) 
dicmdCanvasMouseMove -point (197,207) 
dicmdCanvasMouseMove -point (192,210) 
dicmdCanvasMouseMove -point (188,211) 
dicmdCanvasMouseMove -point (185,213) 
dicmdCanvasMouseMove -point (181,215) 
dicmdCanvasMouseMove -point (178,215) 
dicmdCanvasMouseMove -point (176,215) 
dicmdCanvasMouseMove -point (174,216) 
dicmdCanvasMouseMove -point (172,216) 
dicmdCanvasMouseMove -point (170,216) 
dicmdCanvasMouseMove -point (168,216) 
dicmdCanvasMouseMove -point (167,216) 
dicmdCanvasMouseMove -point (165,216) 
dicmdCanvasMouseMove -point (164,216) 
dicmdCanvasMouseMove -point (163,216) 
dicmdCanvasMouseMove -point (162,216) 
dicmdCanvasMouseMove -point (161,216) 
dicmdCanvasMouseMove -point (160,216) 
dicmdCanvasMouseClick -point (160,216) 
dicmdCanvasMouseMove -point (159,216) 
dicmdCanvasMouseMove -point (158,216) 
dicmdCanvasMouseMove -point (157,216) 
dicmdCanvasMouseMove -point (157,215) 
dicmdCanvasMouseMove -point (156,214) 
dicmdCanvasMouseMove -point (156,212) 
dicmdCanvasMouseMove -point (155,211) 
dicmdCanvasMouseMove -point (154,209) 
dicmdCanvasMouseMove -point (154,207) 
dicmdCanvasMouseMove -point (154,206) 
dicmdCanvasMouseMove -point (153,204) 
dicmdCanvasMouseMove -point (152,203) 
dicmdCanvasMouseMove -point (151,202) 
dicmdCanvasMouseMove -point (151,201) 
dicmdCanvasMouseMove -point (150,201) 
dicmdCanvasMouseMove -point (150,200) 
dicmdCanvasMouseMove -point (150,199) 
dicmdCanvasMouseClick -point (150,199) 
dicmdCanvasMouseMove -point (149,199) 
dicmdCanvasMouseMove -point (148,199) 
dicmdCanvasMouseMove -point (146,199) 
dicmdCanvasMouseMove -point (144,199) 
dicmdCanvasMouseMove -point (141,199) 
dicmdCanvasMouseMove -point (138,199) 
dicmdCanvasMouseMove -point (134,199) 
dicmdCanvasMouseMove -point (130,199) 
dicmdCanvasMouseMove -point (127,199) 
dicmdCanvasMouseMove -point (124,199) 
dicmdCanvasMouseMove -point (122,199) 
dicmdCanvasMouseMove -point (119,199) 
dicmdCanvasMouseMove -point (117,199) 
dicmdCanvasMouseMove -point (116,199) 
dicmdCanvasMouseMove -point (114,199) 
dicmdCanvasMouseMove -point (113,199) 
dicmdCanvasMouseMove -point (112,199) 
dicmdCanvasMouseMove -point (111,199) 
dicmdCanvasMouseMove -point (111,200) 
dicmdCanvasMouseMove -point (110,200) 
dicmdCanvasMouseMove -point (109,200) 
dicmdCanvasMouseMove -point (109,201) 
dicmdCanvasMouseClick -point (109,201) 
dicmdCanvasMouseMove -point (109,200) 
dicmdCanvasMouseMove -point (107,197) 
dicmdCanvasMouseMove -point (104,194) 
dicmdCanvasMouseMove -point (101,192) 
dicmdCanvasMouseMove -point (99,191) 
dicmdCanvasMouseMove -point (98,190) 
dicmdCanvasMouseMove -point (97,188) 
dicmdCanvasMouseMove -point (96,187) 
dicmdCanvasMouseMove -point (94,187) 
dicmdCanvasMouseMove -point (93,186) 
dicmdCanvasMouseMove -point (92,184) 
dicmdCanvasMouseMove -point (90,183) 
dicmdCanvasMouseMove -point (89,182) 
dicmdCanvasMouseMove -point (88,181) 
dicmdCanvasMouseMove -point (87,180) 
dicmdCanvasMouseMove -point (86,179) 
dicmdCanvasMouseMove -point (85,179) 
dicmdCanvasMouseMove -point (85,177) 
dicmdCanvasMouseMove -point (84,176) 
dicmdCanvasMouseMove -point (83,175) 
dicmdCanvasMouseMove -point (82,174) 
dicmdCanvasMouseMove -point (81,173) 
dicmdCanvasMouseMove -point (80,172) 
dicmdCanvasMouseMove -point (80,171) 
dicmdCanvasMouseMove -point (79,171) 
dicmdCanvasMouseMove -point (79,170) 
dicmdCanvasMouseMove -point (78,170) 
dicmdCanvasMouseClick -point (78,170) 
dicmdCanvasMouseMove -point (78,169) 
dicmdCanvasMouseMove -point (78,168) 
dicmdCanvasMouseMove -point (78,167) 
dicmdCanvasMouseMove -point (78,166) 
dicmdCanvasMouseMove -point (78,165) 
dicmdCanvasMouseMove -point (78,164) 
dicmdCanvasMouseMove -point (78,162) 
dicmdCanvasMouseMove -point (78,161) 
dicmdCanvasMouseMove -point (78,160) 
dicmdCanvasMouseMove -point (78,158) 
dicmdCanvasMouseMove -point (78,156) 
dicmdCanvasMouseMove -point (78,154) 
dicmdCanvasMouseMove -point (78,152) 
dicmdCanvasMouseMove -point (78,150) 
dicmdCanvasMouseMove -point (79,149) 
dicmdCanvasMouseMove -point (80,148) 
dicmdCanvasMouseMove -point (81,147) 
dicmdCanvasMouseMove -point (82,146) 
dicmdCanvasMouseMove -point (82,145) 
dicmdCanvasMouseMove -point (83,144) 
dicmdCanvasMouseMove -point (84,144) 
dicmdCanvasMouseMove -point (85,143) 
dicmdCanvasMouseMove -point (86,143) 
dicmdCanvasMouseMove -point (87,142) 
dicmdCanvasMouseMove -point (88,141) 
dicmdCanvasMouseMove -point (90,141) 
dicmdCanvasMouseMove -point (91,141) 
dicmdCanvasMouseMove -point (92,140) 
dicmdCanvasMouseMove -point (93,140) 
dicmdCanvasMouseMove -point (94,140) 
dicmdCanvasMouseMove -point (95,140) 
dicmdCanvasMouseMove -point (96,140) 
dicmdCanvasMouseMove -point (97,140) 
dicmdCanvasMouseMove -point (97,139) 
dicmdCanvasMouseMove -point (98,139) 
dicmdCanvasMouseMove -point (99,139) 
dicmdCanvasMouseMove -point (100,139) 
dicmdCanvasMouseMove -point (101,139) 
dicmdCanvasMouseMove -point (102,139) 
dicmdCanvasMouseMove -point (103,139) 
dicmdCanvasMouseMove -point (105,139) 
dicmdCanvasMouseMove -point (107,139) 
dicmdCanvasMouseMove -point (109,139) 
dicmdCanvasMouseMove -point (110,139) 
dicmdCanvasMouseMove -point (112,139) 
dicmdCanvasMouseMove -point (114,139) 
dicmdCanvasMouseMove -point (115,139) 
dicmdCanvasMouseMove -point (117,139) 
dicmdCanvasMouseMove -point (119,139) 
dicmdCanvasMouseMove -point (121,139) 
dicmdCanvasMouseMove -point (122,139) 
dicmdCanvasMouseMove -point (123,139) 
dicmdCanvasMouseMove -point (124,139) 
dicmdCanvasMouseMove -point (125,139) 
dicmdCanvasMouseMove -point (126,139) 
dicmdCanvasMouseClick -point (126,139) 
dicmdCanvasMouseMove -point (127,139) 
dicmdCanvasMouseMove -point (129,139) 
dicmdCanvasMouseMove -point (134,139) 
dicmdCanvasMouseMove -point (140,139) 
dicmdCanvasMouseMove -point (149,139) 
dicmdCanvasMouseMove -point (157,140) 
dicmdCanvasMouseMove -point (166,141) 
dicmdCanvasMouseMove -point (173,142) 
dicmdCanvasMouseMove -point (179,142) 
dicmdCanvasMouseMove -point (182,143) 
dicmdCanvasMouseMove -point (184,143) 
dicmdCanvasMouseMove -point (186,143) 
dicmdCanvasMouseMove -point (188,143) 
dicmdCanvasMouseMove -point (189,143) 
dicmdCanvasMouseMove -point (190,143) 
dicmdCanvasMouseMove -point (191,143) 
dicmdCanvasMouseMove -point (192,143) 
dicmdCanvasMouseMove -point (193,143) 
dicmdCanvasMouseMove -point (194,143) 
dicmdCanvasMouseMove -point (195,143) 
dicmdCanvasMouseMove -point (195,144) 
dicmdCanvasMouseClick -point (195,144) 
dicmdCanvasMouseMove -point (195,143) 
dicmdCanvasMouseMove -point (195,142) 
dicmdCanvasMouseMove -point (195,140) 
dicmdCanvasMouseMove -point (195,138) 
dicmdCanvasMouseMove -point (195,133) 
dicmdCanvasMouseMove -point (195,128) 
dicmdCanvasMouseMove -point (195,122) 
dicmdCanvasMouseMove -point (196,115) 
dicmdCanvasMouseMove -point (198,108) 
dicmdCanvasMouseMove -point (201,101) 
dicmdCanvasMouseMove -point (204,96) 
dicmdCanvasMouseMove -point (206,93) 
dicmdCanvasMouseMove -point (207,91) 
dicmdCanvasMouseMove -point (208,90) 
dicmdCanvasMouseMove -point (208,89) 
dicmdCanvasMouseMove -point (209,88) 
dicmdCanvasMouseMove -point (210,88) 
dicmdCanvasMouseMove -point (210,87) 
dicmdCanvasMouseClick -point (210,87) 
dicmdCanvasMouseMove -point (208,87) 
dicmdCanvasMouseMove -point (205,87) 
dicmdCanvasMouseMove -point (201,88) 
dicmdCanvasMouseMove -point (197,89) 
dicmdCanvasMouseMove -point (192,89) 
dicmdCanvasMouseMove -point (188,89) 
dicmdCanvasMouseMove -point (181,89) 
dicmdCanvasMouseMove -point (175,89) 
dicmdCanvasMouseMove -point (171,89) 
dicmdCanvasMouseMove -point (168,90) 
dicmdCanvasMouseMove -point (166,90) 
dicmdCanvasMouseMove -point (164,90) 
dicmdCanvasMouseMove -point (163,90) 
dicmdCanvasMouseMove -point (162,91) 
dicmdCanvasMouseMove -point (161,91) 
dicmdCanvasMouseMove -point (160,92) 
dicmdCanvasMouseMove -point (159,92) 
dicmdCanvasMouseMove -point (158,93) 
dicmdCanvasMouseMove -point (157,93) 
dicmdCanvasMouseMove -point (156,93) 
dicmdCanvasMouseMove -point (155,94) 
dicmdCanvasMouseMove -point (154,95) 
dicmdCanvasMouseMove -point (152,96) 
dicmdCanvasMouseMove -point (150,97) 
dicmdCanvasMouseMove -point (148,99) 
dicmdCanvasMouseMove -point (145,100) 
dicmdCanvasMouseMove -point (144,102) 
dicmdCanvasMouseMove -point (142,104) 
dicmdCanvasMouseMove -point (140,106) 
dicmdCanvasMouseMove -point (138,109) 
dicmdCanvasMouseMove -point (135,111) 
dicmdCanvasMouseMove -point (133,114) 
dicmdCanvasMouseMove -point (131,115) 
dicmdCanvasMouseMove -point (130,117) 
dicmdCanvasMouseMove -point (129,117) 
dicmdCanvasMouseMove -point (129,118) 
dicmdCanvasMouseMove -point (129,119) 
dicmdCanvasMouseMove -point (129,120) 
dicmdCanvasMouseClick -point (129,120) 
dicmdCanvasMouseMove -point (128,120) 
dicmdCanvasMouseMove -point (128,118) 
dicmdCanvasMouseMove -point (128,113) 
dicmdCanvasMouseMove -point (128,109) 
dicmdCanvasMouseMove -point (128,104) 
dicmdCanvasMouseMove -point (128,99) 
dicmdCanvasMouseMove -point (128,95) 
dicmdCanvasMouseMove -point (128,91) 
dicmdCanvasMouseMove -point (128,87) 
dicmdCanvasMouseMove -point (128,84) 
dicmdCanvasMouseMove -point (128,82) 
dicmdCanvasMouseMove -point (128,80) 
dicmdCanvasMouseMove -point (128,78) 
dicmdCanvasMouseMove -point (128,77) 
dicmdCanvasMouseMove -point (128,76) 
dicmdCanvasMouseMove -point (128,75) 
dicmdCanvasMouseMove -point (128,76) 
dicmdCanvasMouseMove -point (128,77) 
dicmdCanvasMouseMove -point (128,78) 
dicmdCanvasMouseMove -point (128,79) 
dicmdCanvasMouseMove -point (128,80) 
dicmdCanvasMouseMove -point (128,81) 
dicmdCanvasMouseMove -point (128,82) 
dicmdCanvasMouseMove -point (128,84) 
dicmdCanvasMouseMove -point (128,86) 
dicmdCanvasMouseMove -point (128,87) 
dicmdCanvasMouseMove -point (129,88) 
dicmdCanvasMouseMove -point (129,89) 
dicmdCanvasMouseMove -point (130,89) 
dicmdCanvasMouseClick -point (130,89) 
dicmdCanvasMouseMove -point (130,88) 
dicmdCanvasMouseMove -point (130,87) 
dicmdCanvasMouseMove -point (130,86) 
dicmdCanvasMouseMove -point (131,86) 
dicmdCanvasMouseMove -point (132,86) 
dicmdCanvasMouseMove -point (133,85) 
dicmdCanvasMouseMove -point (134,85) 
dicmdCanvasMouseMove -point (135,84) 
dicmdCanvasMouseMove -point (137,84) 
dicmdCanvasMouseMove -point (139,83) 
dicmdCanvasMouseMove -point (141,82) 
dicmdCanvasMouseMove -point (144,81) 
dicmdCanvasMouseMove -point (147,80) 
dicmdCanvasMouseMove -point (150,79) 
dicmdCanvasMouseMove -point (154,77) 
dicmdCanvasMouseMove -point (158,75) 
dicmdCanvasMouseMove -point (165,73) 
dicmdCanvasMouseMove -point (174,70) 
dicmdCanvasMouseMove -point (187,66) 
dicmdCanvasMouseMove -point (202,64) 
dicmdCanvasMouseMove -point (216,62) 
dicmdCanvasMouseMove -point (230,59) 
dicmdCanvasMouseMove -point (245,57) 
dicmdCanvasMouseMove -point (258,55) 
dicmdCanvasMouseMove -point (271,54) 
dicmdCanvasMouseMove -point (280,54) 
dicmdCanvasMouseMove -point (285,54) 
dicmdCanvasMouseMove -point (288,54) 
dicmdCanvasMouseMove -point (290,53) 
dicmdCanvasMouseMove -point (291,53) 
dicmdCanvasMouseMove -point (294,52) 
dicmdCanvasMouseMove -point (295,52) 
dicmdCanvasMouseMove -point (295,53) 
dicmdCanvasMouseClick -point (295,53) 
#o --> Out: dicmdCreateObjPolygon -points {(61,101);(195,35);(298,84);(292,147);(253,188);(207,196);(160,216);(150,199);(109,201);(78,170);(126,139);(195,144);(210,87);(129,120);(130,89);(295,53);(295,53)} 
dicmdCanvasMouseDblClick -point (295,53) 
dicmdCanvasMouseMove -point (295,54) 
dicmdCanvasMouseMove -point (296,54) 
dicmdCanvasMouseMove -point (298,54) 
dicmdCanvasMouseMove -point (301,55) 
dicmdCanvasMouseMove -point (306,55) 
dicmdCanvasMouseMove -point (310,56) 
dicmdCanvasMouseMove -point (315,57) 
dicmdCanvasMouseMove -point (318,57) 
dicmdCanvasMouseMove -point (322,58) 
dicmdCanvasMouseMove -point (326,58) 
dicmdCanvasMouseMove -point (328,58) 
dicmdCanvasMouseMove -point (330,58) 
dicmdCanvasMouseMove -point (331,58) 
dicmdCanvasMouseMove -point (333,58) 
dicmdCanvasMouseMove -point (352,58) 
dicmdCanvasMouseMove -point (401,47) 
dicmdCanvasMouseMove -point (467,40) 
dicmdCanvasMouseMove -point (518,31) 
dicmdCanvasMouseMove -point (577,26) 
dicmdCanvasMouseMove -point (622,24) 
dicmdCanvasMouseMove -point (668,18) 
dicmdCanvasMouseMove -point (703,15) 
dicmdCanvasMouseMove -point (735,15) 
dicmdCanvasMouseMove -point (759,15) 
dicmdCanvasMouseMove -point (775,14) 
dicmdCanvasMouseMove -point (786,13) 
dicmdCanvasMouseMove -point (790,13) 
dicmdCanvasMouseMove -point (791,13) 
dicmdCanvasMouseMove -point (801,13) 
dicmdCanvasMouseMove -point (838,5) 
dicmdQaToolExit
